Using pre-set license
Built from '2020.3/staging' branch; Version is '2020.3.46f1 (18bc01a066b4) revision 1620993'; Using compiler version '192528614'; Build Type 'Release'
OS: 'Windows 11  (10.0.22000) 64bit Professional' Language: 'ru' Physical Memory: 14204 MB
BatchMode: 1, IsHumanControllingUs: 0, StartBugReporterOnCrash: 0, Is64bit: 1, IsPro: 0

COMMAND LINE ARGUMENTS:
D:\Programs\Unity\2020.3.46f1\Editor\Unity.exe
-adb2
-batchMode
-noUpm
-name
AssetImportWorker0
-projectPath
C:/Users/Bogdan/Desktop/Minecraft-Arcanoid/Arcanoid-main
-logFile
Logs/AssetImportWorker0.log
-srvPort
53516
Successfully changed project path to: C:/Users/Bogdan/Desktop/Minecraft-Arcanoid/Arcanoid-main
C:/Users/Bogdan/Desktop/Minecraft-Arcanoid/Arcanoid-main
Using Asset Import Pipeline V2.
Player connection [16296] Host "[IP] 192.168.0.107 [Port] 3221442848 [Flags] 2 [Guid] 3109400520 [EditorId] 3109400520 [Version] 1048832 [Id] WindowsEditor(7,Legion) [Debug] 1 [PackageName] WindowsEditor [ProjectName] Editor" joined multi-casting on [225.0.0.222:54997]...

Player connection [16296] Host "[IP] 192.168.0.107 [Port] 3221442848 [Flags] 2 [Guid] 3109400520 [EditorId] 3109400520 [Version] 1048832 [Id] WindowsEditor(7,Legion) [Debug] 1 [PackageName] WindowsEditor [ProjectName] Editor" joined alternative multi-casting on [225.0.0.222:34997]...

Refreshing native plugins compatible for Editor in 43.47 ms, found 3 plugins.
Preloading 0 native plugins for Editor in 0.00 ms.
Initialize engine version: 2020.3.46f1 (18bc01a066b4)
[Subsystems] Discovering subsystems at path D:/Programs/Unity/2020.3.46f1/Editor/Data/Resources/UnitySubsystems
[Subsystems] Discovering subsystems at path C:/Users/Bogdan/Desktop/Minecraft-Arcanoid/Arcanoid-main/Assets
GfxDevice: creating device client; threaded=0
Direct3D:
    Version:  Direct3D 11.0 [level 11.1]
    Renderer: NVIDIA GeForce RTX 3060 Laptop GPU (ID=0x2560)
    Vendor:   
    VRAM:     6009 MB
    Driver:   31.0.15.2849
Initialize mono
Mono path[0] = 'D:/Programs/Unity/2020.3.46f1/Editor/Data/Managed'
Mono path[1] = 'D:/Programs/Unity/2020.3.46f1/Editor/Data/MonoBleedingEdge/lib/mono/unityjit'
Mono config path = 'D:/Programs/Unity/2020.3.46f1/Editor/Data/MonoBleedingEdge/etc'
Using monoOptions --debugger-agent=transport=dt_socket,embedding=1,server=y,suspend=n,address=127.0.0.1:56548
Begin MonoManager ReloadAssembly
Registering precompiled unity dll's ...
Register platform support module: D:/Programs/Unity/2020.3.46f1/Editor/Data/PlaybackEngines/WindowsStandaloneSupport/UnityEditor.WindowsStandalone.Extensions.dll
Registered in 0.000892 seconds.
Native extension for WindowsStandalone target not found
Refreshing native plugins compatible for Editor in 41.41 ms, found 3 plugins.
Preloading 0 native plugins for Editor in 0.00 ms.
Mono: successfully reloaded assembly
- Completed reload, in  0.438 seconds
Domain Reload Profiling:
	ReloadAssembly (438ms)
		BeginReloadAssembly (43ms)
			ExecutionOrderSort (0ms)
			DisableScriptedObjects (0ms)
			BackupInstance (0ms)
			ReleaseScriptingObjects (0ms)
			CreateAndSetChildDomain (1ms)
		EndReloadAssembly (346ms)
			LoadAssemblies (42ms)
			RebuildTransferFunctionScriptingTraits (0ms)
			SetupTypeCache (97ms)
			ReleaseScriptCaches (0ms)
			RebuildScriptCaches (21ms)
			SetupLoadedEditorAssemblies (139ms)
				LogAssemblyErrors (0ms)
				InitializePlatformSupportModulesInManaged (3ms)
				SetLoadedEditorAssemblies (0ms)
				RefreshPlugins (41ms)
				BeforeProcessingInitializeOnLoad (10ms)
				ProcessInitializeOnLoadAttributes (64ms)
				ProcessInitializeOnLoadMethodAttributes (21ms)
				AfterProcessingInitializeOnLoad (0ms)
				EditorAssembliesLoaded (0ms)
			ExecutionOrderSort2 (0ms)
			AwakeInstancesAfterBackupRestoration (0ms)
Platform modules already initialized, skipping
Registering precompiled user dll's ...
Registered in 0.003566 seconds.
Begin MonoManager ReloadAssembly
Symbol file LoadedFromMemory is not a mono symbol file
Native extension for WindowsStandalone target not found
Refreshing native plugins compatible for Editor in 41.04 ms, found 3 plugins.
Preloading 0 native plugins for Editor in 0.00 ms.
Mono: successfully reloaded assembly
- Completed reload, in  0.829 seconds
Domain Reload Profiling:
	ReloadAssembly (830ms)
		BeginReloadAssembly (98ms)
			ExecutionOrderSort (0ms)
			DisableScriptedObjects (4ms)
			BackupInstance (0ms)
			ReleaseScriptingObjects (0ms)
			CreateAndSetChildDomain (16ms)
		EndReloadAssembly (690ms)
			LoadAssemblies (72ms)
			RebuildTransferFunctionScriptingTraits (0ms)
			SetupTypeCache (222ms)
			ReleaseScriptCaches (0ms)
			RebuildScriptCaches (38ms)
			SetupLoadedEditorAssemblies (285ms)
				LogAssemblyErrors (0ms)
				InitializePlatformSupportModulesInManaged (3ms)
				SetLoadedEditorAssemblies (0ms)
				RefreshPlugins (41ms)
				BeforeProcessingInitializeOnLoad (66ms)
				ProcessInitializeOnLoadAttributes (158ms)
				ProcessInitializeOnLoadMethodAttributes (14ms)
				AfterProcessingInitializeOnLoad (3ms)
				EditorAssembliesLoaded (0ms)
			ExecutionOrderSort2 (0ms)
			AwakeInstancesAfterBackupRestoration (2ms)
Platform modules already initialized, skipping
========================================================================
Worker process is ready to serve import requests
Launched and connected shader compiler UnityShaderCompiler.exe after 0.03 seconds
Refreshing native plugins compatible for Editor in 0.61 ms, found 3 plugins.
Preloading 0 native plugins for Editor in 0.00 ms.
Unloading 2635 Unused Serialized files (Serialized files now loaded: 0)
System memory in use before: 110.6 MB.
System memory in use after: 110.8 MB.

Unloading 33 unused Assets to reduce memory usage. Loaded Objects now: 3073.
Total: 2.837700 ms (FindLiveObjects: 0.192200 ms CreateObjectMapping: 0.078700 ms MarkObjects: 2.501400 ms  DeleteObjects: 0.064700 ms)

AssetImportParameters requested are different than current active one (requested -> active):
  custom:framework-win-MediaFoundation: 216162199b28c13a410421893ffa2e32 -> 
  custom:video-decoder-ogg-theora: a1e56fd34408186e4bbccfd4996cb3dc -> 
  custom:container-muxer-webm: aa71ff27fc2769a1b78a27578f13a17b -> 
  custom:container-demuxer-webm: 4f35f7cbe854078d1ac9338744f61a02 -> 
  custom:container-demuxer-ogg: 62fdf1f143b41e24485cea50d1cbac27 -> 
  custom:video-encoder-webm-vp8: eb34c28f22e8b96e1ab97ce403110664 -> 
  custom:video-decoder-webm-vp8: 9c59270c3fd7afecdb556c50c9e8de78 -> 
  custom:audio-decoder-ogg-vorbis: bf7c407c2cedff20999df2af8eb42d56 -> 
  custom:audio-encoder-webm-vorbis: bf7c407c2cedff20999df2af8eb42d56 -> 
========================================================================
Received Import Request.
  path: Assets/ARCANOID/Media/Sprites/Game/Blocks/RedWool.png
  artifactKey: Guid(3be71090362fd424883bc34ce475b02d) Importer(815301076,1909f56bfc062723c751e8b465ee728b)
Start importing Assets/ARCANOID/Media/Sprites/Game/Blocks/RedWool.png using Guid(3be71090362fd424883bc34ce475b02d) Importer(815301076,1909f56bfc062723c751e8b465ee728b)  -> (artifact id: '673ef2cbc3c631cbbc845bc5cf8a7a33') in 0.103953 seconds 
========================================================================
Received Import Request.
  Time since last request: 0.000192 seconds.
  path: Assets/ARCANOID/Media/Sprites/Game/Blocks/OakLog.png
  artifactKey: Guid(15e69770ebb064e11a4cbdf4ea7b2ba7) Importer(815301076,1909f56bfc062723c751e8b465ee728b)
Start importing Assets/ARCANOID/Media/Sprites/Game/Blocks/OakLog.png using Guid(15e69770ebb064e11a4cbdf4ea7b2ba7) Importer(815301076,1909f56bfc062723c751e8b465ee728b)  -> (artifact id: 'c6d0ed5e2155e80dfb31f469bab96f51') in 0.017977 seconds 
========================================================================
Received Import Request.
  Time since last request: 0.000160 seconds.
  path: Assets/ARCANOID/Media/Sprites/Game/Blocks/MagentaWool.png
  artifactKey: Guid(d4c95706dbffc0342957365c4de713a6) Importer(815301076,1909f56bfc062723c751e8b465ee728b)
Start importing Assets/ARCANOID/Media/Sprites/Game/Blocks/MagentaWool.png using Guid(d4c95706dbffc0342957365c4de713a6) Importer(815301076,1909f56bfc062723c751e8b465ee728b)  -> (artifact id: 'c5996d3b837ddb0ed48d25f8d3bbe24b') in 0.017588 seconds 
========================================================================
Received Import Request.
  Time since last request: 0.000141 seconds.
  path: Assets/ARCANOID/Media/Sprites/Game/Blocks/StoneBricks.png
  artifactKey: Guid(ccc06117a3406f14883eba0eeb5cd3d5) Importer(815301076,1909f56bfc062723c751e8b465ee728b)
Start importing Assets/ARCANOID/Media/Sprites/Game/Blocks/StoneBricks.png using Guid(ccc06117a3406f14883eba0eeb5cd3d5) Importer(815301076,1909f56bfc062723c751e8b465ee728b)  -> (artifact id: 'aa9c81b84d63c492aca2bafa29e0f0e9') in 0.018013 seconds 
========================================================================
Received Import Request.
  Time since last request: 0.000157 seconds.
  path: Assets/ARCANOID/Media/Sprites/Game/Blocks/YellowWool.png
  artifactKey: Guid(5f6ad93150cee7145997a3d68faa5e16) Importer(815301076,1909f56bfc062723c751e8b465ee728b)
Start importing Assets/ARCANOID/Media/Sprites/Game/Blocks/YellowWool.png using Guid(5f6ad93150cee7145997a3d68faa5e16) Importer(815301076,1909f56bfc062723c751e8b465ee728b)  -> (artifact id: '2c6805fd238b25ea4ce9ecf0ee96e8bb') in 0.017405 seconds 
========================================================================
Received Import Request.
  Time since last request: 0.000145 seconds.
  path: Assets/ARCANOID/Media/Sprites/Game/Blocks/WhiteWood.png
  artifactKey: Guid(82ae260c927c2fc45abaa5eab723a9b5) Importer(815301076,1909f56bfc062723c751e8b465ee728b)
Start importing Assets/ARCANOID/Media/Sprites/Game/Blocks/WhiteWood.png using Guid(82ae260c927c2fc45abaa5eab723a9b5) Importer(815301076,1909f56bfc062723c751e8b465ee728b)  -> (artifact id: '3974dba5233809e604e2bf6d0fc7cd8b') in 0.020270 seconds 
========================================================================
Received Import Request.
  Time since last request: 0.000163 seconds.
  path: Assets/ARCANOID/Media/Sprites/Game/Blocks/Tnt.png
  artifactKey: Guid(8f8b0d1ac784b4d4fafaf5dc697ad311) Importer(815301076,1909f56bfc062723c751e8b465ee728b)
Start importing Assets/ARCANOID/Media/Sprites/Game/Blocks/Tnt.png using Guid(8f8b0d1ac784b4d4fafaf5dc697ad311) Importer(815301076,1909f56bfc062723c751e8b465ee728b)  -> (artifact id: 'a36f1d0f24e578723a2ba2329a96c6db') in 0.018564 seconds 
========================================================================
Received Import Request.
  Time since last request: 0.000144 seconds.
  path: Assets/ARCANOID/Media/Sprites/Game/Blocks/OrangeWool.png
  artifactKey: Guid(c3820fec03b9ffb42ac5d7e9c56de6cf) Importer(815301076,1909f56bfc062723c751e8b465ee728b)
Start importing Assets/ARCANOID/Media/Sprites/Game/Blocks/OrangeWool.png using Guid(c3820fec03b9ffb42ac5d7e9c56de6cf) Importer(815301076,1909f56bfc062723c751e8b465ee728b)  -> (artifact id: '8eebedffe48a5556ab113938f06f8c1b') in 0.019582 seconds 
========================================================================
Received Import Request.
  Time since last request: 0.000164 seconds.
  path: Assets/ARCANOID/Media/Sprites/Game/Blocks/PolishedGranite.png
  artifactKey: Guid(e5f55596364a48547a56d6a034776b32) Importer(815301076,1909f56bfc062723c751e8b465ee728b)
Start importing Assets/ARCANOID/Media/Sprites/Game/Blocks/PolishedGranite.png using Guid(e5f55596364a48547a56d6a034776b32) Importer(815301076,1909f56bfc062723c751e8b465ee728b)  -> (artifact id: 'c643b794b06826f32df41840716aa290') in 0.017558 seconds 
========================================================================
Received Import Request.
  Time since last request: 0.000142 seconds.
  path: Assets/ARCANOID/Media/Sprites/Game/Blocks/Snow.png
  artifactKey: Guid(dfb5bdcecef0bf3419dd818aeda5e27b) Importer(815301076,1909f56bfc062723c751e8b465ee728b)
Start importing Assets/ARCANOID/Media/Sprites/Game/Blocks/Snow.png using Guid(dfb5bdcecef0bf3419dd818aeda5e27b) Importer(815301076,1909f56bfc062723c751e8b465ee728b)  -> (artifact id: '35a0e9c23f0ca0adb521275af8d3caed') in 0.017081 seconds 
========================================================================
Received Import Request.
  Time since last request: 0.000145 seconds.
  path: Assets/ARCANOID/Media/Sprites/Game/Blocks/VerticalTnt.png
  artifactKey: Guid(c8163a7ceabc3426791d6fdf5e867dc2) Importer(815301076,1909f56bfc062723c751e8b465ee728b)
Start importing Assets/ARCANOID/Media/Sprites/Game/Blocks/VerticalTnt.png using Guid(c8163a7ceabc3426791d6fdf5e867dc2) Importer(815301076,1909f56bfc062723c751e8b465ee728b)  -> (artifact id: '253fd76caf4b8b0abfcfc724225db5dc') in 0.017920 seconds 
========================================================================
Received Import Request.
  Time since last request: 0.000135 seconds.
  path: Assets/ARCANOID/Media/Sprites/Game/Blocks/SnowyGrass.png
  artifactKey: Guid(502e8e98dab6e264da232f806e1a7c97) Importer(815301076,1909f56bfc062723c751e8b465ee728b)
Start importing Assets/ARCANOID/Media/Sprites/Game/Blocks/SnowyGrass.png using Guid(502e8e98dab6e264da232f806e1a7c97) Importer(815301076,1909f56bfc062723c751e8b465ee728b)  -> (artifact id: '3d242ade540030b83c4d3f81e83d52ec') in 0.018780 seconds 
========================================================================
Received Import Request.
  Time since last request: 0.000156 seconds.
  path: Assets/ARCANOID/Media/Sprites/Game/Blocks/Stone.png
  artifactKey: Guid(75d24a16e935f453480b45455dba453f) Importer(815301076,1909f56bfc062723c751e8b465ee728b)
Start importing Assets/ARCANOID/Media/Sprites/Game/Blocks/Stone.png using Guid(75d24a16e935f453480b45455dba453f) Importer(815301076,1909f56bfc062723c751e8b465ee728b)  -> (artifact id: 'd6e906bdde57c5fd08e7fddd419bf6bc') in 0.017707 seconds 
========================================================================
Received Import Request.
  Time since last request: 0.000146 seconds.
  path: Assets/ARCANOID/Media/Sprites/Game/Blocks/RedstoneOre.png
  artifactKey: Guid(06b6f3f652b5a4145913b56a4a069dec) Importer(815301076,1909f56bfc062723c751e8b465ee728b)
Start importing Assets/ARCANOID/Media/Sprites/Game/Blocks/RedstoneOre.png using Guid(06b6f3f652b5a4145913b56a4a069dec) Importer(815301076,1909f56bfc062723c751e8b465ee728b)  -> (artifact id: 'dd407592d49279af2a0e6aa04052447d') in 0.018755 seconds 
========================================================================
Received Import Request.
  Time since last request: 0.000140 seconds.
  path: Assets/ARCANOID/Media/Sprites/Game/Blocks/PurpleWool.png
  artifactKey: Guid(89b50607bdaead345baeec9c8fb3a728) Importer(815301076,1909f56bfc062723c751e8b465ee728b)
Start importing Assets/ARCANOID/Media/Sprites/Game/Blocks/PurpleWool.png using Guid(89b50607bdaead345baeec9c8fb3a728) Importer(815301076,1909f56bfc062723c751e8b465ee728b)  -> (artifact id: '5601205b8886e6002f3f88476c54cc31') in 0.018201 seconds 
========================================================================
Received Import Request.
  Time since last request: 0.000146 seconds.
  path: Assets/ARCANOID/Media/Sprites/Game/Blocks/slimeBlock.png
  artifactKey: Guid(2e27c04565c8b430e95dbcd853a03c50) Importer(815301076,1909f56bfc062723c751e8b465ee728b)
Start importing Assets/ARCANOID/Media/Sprites/Game/Blocks/slimeBlock.png using Guid(2e27c04565c8b430e95dbcd853a03c50) Importer(815301076,1909f56bfc062723c751e8b465ee728b)  -> (artifact id: 'dfb62083e967703bb02514ae161be6cc') in 0.018955 seconds 
========================================================================
Received Import Request.
  Time since last request: 0.000163 seconds.
  path: Assets/ARCANOID/Media/Sprites/Game/Blocks/TntBG.png
  artifactKey: Guid(37bf8ef9061284cedb8c5b93ef0207b2) Importer(815301076,1909f56bfc062723c751e8b465ee728b)
Start importing Assets/ARCANOID/Media/Sprites/Game/Blocks/TntBG.png using Guid(37bf8ef9061284cedb8c5b93ef0207b2) Importer(815301076,1909f56bfc062723c751e8b465ee728b)  -> (artifact id: 'd52c04221fc5993527a62c3d7f153f44') in 0.018439 seconds 
========================================================================
Received Import Request.
  Time since last request: 0.000143 seconds.
  path: Assets/ARCANOID/Media/Sprites/Game/Blocks/oakLogVertical.png
  artifactKey: Guid(879c6302888c047dba642337c4c4694b) Importer(815301076,1909f56bfc062723c751e8b465ee728b)
Start importing Assets/ARCANOID/Media/Sprites/Game/Blocks/oakLogVertical.png using Guid(879c6302888c047dba642337c4c4694b) Importer(815301076,1909f56bfc062723c751e8b465ee728b)  -> (artifact id: 'ebf7600c0990f495440795889e7a9481') in 0.019233 seconds 
========================================================================
Received Import Request.
  Time since last request: 3992.183765 seconds.
  path: Assets/ARCANOID/TimeLines/SceneContextTimeline.playable
  artifactKey: Guid(639aa107e7cfb7447946e238f1aaabee) Importer(815301076,1909f56bfc062723c751e8b465ee728b)
Start importing Assets/ARCANOID/TimeLines/SceneContextTimeline.playable using Guid(639aa107e7cfb7447946e238f1aaabee) Importer(815301076,1909f56bfc062723c751e8b465ee728b)  -> (artifact id: '2b49df63ec652623c71b43b36b1c5c73') in 0.015358 seconds 
========================================================================
Received Import Request.
  Time since last request: 132.478301 seconds.
  path: Packages/com.unity.timeline/Runtime/Control/ControlTrack.cs
  artifactKey: Guid(15e0374501f39d54eb30235764636e0e) Importer(815301076,1909f56bfc062723c751e8b465ee728b)
Start importing Packages/com.unity.timeline/Runtime/Control/ControlTrack.cs using Guid(15e0374501f39d54eb30235764636e0e) Importer(815301076,1909f56bfc062723c751e8b465ee728b)  -> (artifact id: '41d0e41dc85cb8750951033011e5a69d') in 0.010927 seconds 
========================================================================
Received Import Request.
  Time since last request: 87.285065 seconds.
  path: Packages/com.unity.timeline/Runtime/Control/ControlPlayableAsset.cs
  artifactKey: Guid(48853ae485fa386428341ac1ea122570) Importer(815301076,1909f56bfc062723c751e8b465ee728b)
Start importing Packages/com.unity.timeline/Runtime/Control/ControlPlayableAsset.cs using Guid(48853ae485fa386428341ac1ea122570) Importer(815301076,1909f56bfc062723c751e8b465ee728b)  -> (artifact id: 'b0a7aeb162c2083b94393ae136a4a208') in 0.019577 seconds 
========================================================================
Received Prepare
Registering precompiled user dll's ...
Registered in 0.003177 seconds.
Begin MonoManager ReloadAssembly
Symbol file LoadedFromMemory is not a mono symbol file
Native extension for WindowsStandalone target not found
Refreshing native plugins compatible for Editor in 0.63 ms, found 3 plugins.
Preloading 0 native plugins for Editor in 0.00 ms.
Mono: successfully reloaded assembly
- Completed reload, in  0.834 seconds
Domain Reload Profiling:
	ReloadAssembly (835ms)
		BeginReloadAssembly (113ms)
			ExecutionOrderSort (0ms)
			DisableScriptedObjects (4ms)
			BackupInstance (0ms)
			ReleaseScriptingObjects (0ms)
			CreateAndSetChildDomain (40ms)
		EndReloadAssembly (680ms)
			LoadAssemblies (83ms)
			RebuildTransferFunctionScriptingTraits (0ms)
			SetupTypeCache (259ms)
			ReleaseScriptCaches (1ms)
			RebuildScriptCaches (31ms)
			SetupLoadedEditorAssemblies (248ms)
				LogAssemblyErrors (0ms)
				InitializePlatformSupportModulesInManaged (4ms)
				SetLoadedEditorAssemblies (0ms)
				RefreshPlugins (1ms)
				BeforeProcessingInitializeOnLoad (75ms)
				ProcessInitializeOnLoadAttributes (156ms)
				ProcessInitializeOnLoadMethodAttributes (10ms)
				AfterProcessingInitializeOnLoad (3ms)
				EditorAssembliesLoaded (0ms)
			ExecutionOrderSort2 (0ms)
			AwakeInstancesAfterBackupRestoration (4ms)
Platform modules already initialized, skipping
Switching build target platform(19) subTarget(0) extendedPlatform(0) -> platform(13) subTarget(537395200) extendedPlatform(0)
Refreshing native plugins compatible for Editor in 0.85 ms, found 3 plugins.
Preloading 0 native plugins for Editor in 0.00 ms.
Unloading 2613 Unused Serialized files (Serialized files now loaded: 0)
System memory in use before: 111.4 MB.
System memory in use after: 111.6 MB.

Unloading 23 unused Assets to reduce memory usage. Loaded Objects now: 3083.
Total: 2.969100 ms (FindLiveObjects: 0.321700 ms CreateObjectMapping: 0.089100 ms MarkObjects: 2.523300 ms  DeleteObjects: 0.034000 ms)

AssetImportParameters requested are different than current active one (requested -> active):
  custom:framework-win-MediaFoundation: 216162199b28c13a410421893ffa2e32 -> 
  custom:video-decoder-ogg-theora: a1e56fd34408186e4bbccfd4996cb3dc -> 
  custom:container-muxer-webm: aa71ff27fc2769a1b78a27578f13a17b -> 
  custom:container-demuxer-webm: 4f35f7cbe854078d1ac9338744f61a02 -> 
  custom:container-demuxer-ogg: 62fdf1f143b41e24485cea50d1cbac27 -> 
  custom:video-encoder-webm-vp8: eb34c28f22e8b96e1ab97ce403110664 -> 
  custom:video-decoder-webm-vp8: 9c59270c3fd7afecdb556c50c9e8de78 -> 
  custom:graphics/normal-map-encoding: 01000000000000000000000000000000 -> 02000000000000000000000000000000
  custom:audio-decoder-ogg-vorbis: bf7c407c2cedff20999df2af8eb42d56 -> 
  custom:audio-encoder-webm-vorbis: bf7c407c2cedff20999df2af8eb42d56 -> 
========================================================================
Received Prepare
Registering precompiled user dll's ...
Registered in 0.003397 seconds.
Begin MonoManager ReloadAssembly
Symbol file LoadedFromMemory is not a mono symbol file
Native extension for WindowsStandalone target not found
Refreshing native plugins compatible for Editor in 0.68 ms, found 3 plugins.
Preloading 0 native plugins for Editor in 0.00 ms.
Mono: successfully reloaded assembly
- Completed reload, in  0.955 seconds
Domain Reload Profiling:
	ReloadAssembly (956ms)
		BeginReloadAssembly (119ms)
			ExecutionOrderSort (0ms)
			DisableScriptedObjects (6ms)
			BackupInstance (0ms)
			ReleaseScriptingObjects (0ms)
			CreateAndSetChildDomain (45ms)
		EndReloadAssembly (787ms)
			LoadAssemblies (95ms)
			RebuildTransferFunctionScriptingTraits (0ms)
			SetupTypeCache (295ms)
			ReleaseScriptCaches (1ms)
			RebuildScriptCaches (38ms)
			SetupLoadedEditorAssemblies (285ms)
				LogAssemblyErrors (0ms)
				InitializePlatformSupportModulesInManaged (4ms)
				SetLoadedEditorAssemblies (0ms)
				RefreshPlugins (1ms)
				BeforeProcessingInitializeOnLoad (86ms)
				ProcessInitializeOnLoadAttributes (179ms)
				ProcessInitializeOnLoadMethodAttributes (12ms)
				AfterProcessingInitializeOnLoad (3ms)
				EditorAssembliesLoaded (0ms)
			ExecutionOrderSort2 (0ms)
			AwakeInstancesAfterBackupRestoration (5ms)
Platform modules already initialized, skipping
Switching build target platform(19) subTarget(0) extendedPlatform(0) -> platform(13) subTarget(537395200) extendedPlatform(0)
Refreshing native plugins compatible for Editor in 1.02 ms, found 3 plugins.
Preloading 0 native plugins for Editor in 0.00 ms.
Unloading 2613 Unused Serialized files (Serialized files now loaded: 0)
System memory in use before: 111.4 MB.
System memory in use after: 111.6 MB.

Unloading 22 unused Assets to reduce memory usage. Loaded Objects now: 3086.
Total: 4.221800 ms (FindLiveObjects: 0.569100 ms CreateObjectMapping: 0.219300 ms MarkObjects: 3.400300 ms  DeleteObjects: 0.031500 ms)

AssetImportParameters requested are different than current active one (requested -> active):
  custom:framework-win-MediaFoundation: 216162199b28c13a410421893ffa2e32 -> 
  custom:video-decoder-ogg-theora: a1e56fd34408186e4bbccfd4996cb3dc -> 
  custom:container-muxer-webm: aa71ff27fc2769a1b78a27578f13a17b -> 
  custom:container-demuxer-webm: 4f35f7cbe854078d1ac9338744f61a02 -> 
  custom:container-demuxer-ogg: 62fdf1f143b41e24485cea50d1cbac27 -> 
  custom:video-encoder-webm-vp8: eb34c28f22e8b96e1ab97ce403110664 -> 
  custom:video-decoder-webm-vp8: 9c59270c3fd7afecdb556c50c9e8de78 -> 
  custom:graphics/normal-map-encoding: 01000000000000000000000000000000 -> 02000000000000000000000000000000
  custom:audio-decoder-ogg-vorbis: bf7c407c2cedff20999df2af8eb42d56 -> 
  custom:audio-encoder-webm-vorbis: bf7c407c2cedff20999df2af8eb42d56 -> 
========================================================================
Received Prepare
Registering precompiled user dll's ...
Registered in 0.003207 seconds.
Begin MonoManager ReloadAssembly
Symbol file LoadedFromMemory is not a mono symbol file
Native extension for WindowsStandalone target not found
Refreshing native plugins compatible for Editor in 0.65 ms, found 3 plugins.
Preloading 0 native plugins for Editor in 0.00 ms.
Mono: successfully reloaded assembly
- Completed reload, in  0.785 seconds
Domain Reload Profiling:
	ReloadAssembly (785ms)
		BeginReloadAssembly (94ms)
			ExecutionOrderSort (0ms)
			DisableScriptedObjects (5ms)
			BackupInstance (0ms)
			ReleaseScriptingObjects (0ms)
			CreateAndSetChildDomain (30ms)
		EndReloadAssembly (648ms)
			LoadAssemblies (80ms)
			RebuildTransferFunctionScriptingTraits (0ms)
			SetupTypeCache (220ms)
			ReleaseScriptCaches (1ms)
			RebuildScriptCaches (32ms)
			SetupLoadedEditorAssemblies (242ms)
				LogAssemblyErrors (0ms)
				InitializePlatformSupportModulesInManaged (4ms)
				SetLoadedEditorAssemblies (0ms)
				RefreshPlugins (1ms)
				BeforeProcessingInitializeOnLoad (76ms)
				ProcessInitializeOnLoadAttributes (149ms)
				ProcessInitializeOnLoadMethodAttributes (9ms)
				AfterProcessingInitializeOnLoad (3ms)
				EditorAssembliesLoaded (0ms)
			ExecutionOrderSort2 (0ms)
			AwakeInstancesAfterBackupRestoration (4ms)
Platform modules already initialized, skipping
Switching build target platform(19) subTarget(0) extendedPlatform(0) -> platform(13) subTarget(537395200) extendedPlatform(0)
Refreshing native plugins compatible for Editor in 0.69 ms, found 3 plugins.
Preloading 0 native plugins for Editor in 0.00 ms.
Unloading 2613 Unused Serialized files (Serialized files now loaded: 0)
System memory in use before: 111.4 MB.
System memory in use after: 111.6 MB.

Unloading 22 unused Assets to reduce memory usage. Loaded Objects now: 3089.
Total: 2.922900 ms (FindLiveObjects: 0.232900 ms CreateObjectMapping: 0.069600 ms MarkObjects: 2.593400 ms  DeleteObjects: 0.026200 ms)

AssetImportParameters requested are different than current active one (requested -> active):
  custom:framework-win-MediaFoundation: 216162199b28c13a410421893ffa2e32 -> 
  custom:video-decoder-ogg-theora: a1e56fd34408186e4bbccfd4996cb3dc -> 
  custom:container-muxer-webm: aa71ff27fc2769a1b78a27578f13a17b -> 
  custom:container-demuxer-webm: 4f35f7cbe854078d1ac9338744f61a02 -> 
  custom:container-demuxer-ogg: 62fdf1f143b41e24485cea50d1cbac27 -> 
  custom:video-encoder-webm-vp8: eb34c28f22e8b96e1ab97ce403110664 -> 
  custom:video-decoder-webm-vp8: 9c59270c3fd7afecdb556c50c9e8de78 -> 
  custom:graphics/normal-map-encoding: 01000000000000000000000000000000 -> 02000000000000000000000000000000
  custom:audio-decoder-ogg-vorbis: bf7c407c2cedff20999df2af8eb42d56 -> 
  custom:audio-encoder-webm-vorbis: bf7c407c2cedff20999df2af8eb42d56 -> 
========================================================================
Received Prepare
Registering precompiled user dll's ...
Registered in 0.003298 seconds.
Begin MonoManager ReloadAssembly
Symbol file LoadedFromMemory is not a mono symbol file
Native extension for WindowsStandalone target not found
Refreshing native plugins compatible for Editor in 0.95 ms, found 3 plugins.
Preloading 0 native plugins for Editor in 0.00 ms.
Mono: successfully reloaded assembly
- Completed reload, in  0.820 seconds
Domain Reload Profiling:
	ReloadAssembly (820ms)
		BeginReloadAssembly (95ms)
			ExecutionOrderSort (0ms)
			DisableScriptedObjects (5ms)
			BackupInstance (0ms)
			ReleaseScriptingObjects (0ms)
			CreateAndSetChildDomain (33ms)
		EndReloadAssembly (683ms)
			LoadAssemblies (77ms)
			RebuildTransferFunctionScriptingTraits (0ms)
			SetupTypeCache (228ms)
			ReleaseScriptCaches (1ms)
			RebuildScriptCaches (30ms)
			SetupLoadedEditorAssemblies (258ms)
				LogAssemblyErrors (0ms)
				InitializePlatformSupportModulesInManaged (5ms)
				SetLoadedEditorAssemblies (1ms)
				RefreshPlugins (1ms)
				BeforeProcessingInitializeOnLoad (95ms)
				ProcessInitializeOnLoadAttributes (143ms)
				ProcessInitializeOnLoadMethodAttributes (9ms)
				AfterProcessingInitializeOnLoad (3ms)
				EditorAssembliesLoaded (0ms)
			ExecutionOrderSort2 (0ms)
			AwakeInstancesAfterBackupRestoration (4ms)
Platform modules already initialized, skipping
Switching build target platform(19) subTarget(0) extendedPlatform(0) -> platform(13) subTarget(537395200) extendedPlatform(0)
Refreshing native plugins compatible for Editor in 0.62 ms, found 3 plugins.
Preloading 0 native plugins for Editor in 0.00 ms.
Unloading 2613 Unused Serialized files (Serialized files now loaded: 0)
System memory in use before: 111.4 MB.
System memory in use after: 111.6 MB.

Unloading 22 unused Assets to reduce memory usage. Loaded Objects now: 3092.
Total: 2.655900 ms (FindLiveObjects: 0.184600 ms CreateObjectMapping: 0.068200 ms MarkObjects: 2.380300 ms  DeleteObjects: 0.022200 ms)

AssetImportParameters requested are different than current active one (requested -> active):
  custom:framework-win-MediaFoundation: 216162199b28c13a410421893ffa2e32 -> 
  custom:video-decoder-ogg-theora: a1e56fd34408186e4bbccfd4996cb3dc -> 
  custom:container-muxer-webm: aa71ff27fc2769a1b78a27578f13a17b -> 
  custom:container-demuxer-webm: 4f35f7cbe854078d1ac9338744f61a02 -> 
  custom:container-demuxer-ogg: 62fdf1f143b41e24485cea50d1cbac27 -> 
  custom:video-encoder-webm-vp8: eb34c28f22e8b96e1ab97ce403110664 -> 
  custom:video-decoder-webm-vp8: 9c59270c3fd7afecdb556c50c9e8de78 -> 
  custom:graphics/normal-map-encoding: 01000000000000000000000000000000 -> 02000000000000000000000000000000
  custom:audio-decoder-ogg-vorbis: bf7c407c2cedff20999df2af8eb42d56 -> 
  custom:audio-encoder-webm-vorbis: bf7c407c2cedff20999df2af8eb42d56 -> 
========================================================================
Received Import Request.
  Time since last request: 946.423837 seconds.
  path: Assets/ARCANOID/GameConfiguration/UI Configs/LoadingScreen/LoadingScreenConfig.asset
  artifactKey: Guid(2f7fda4c92e01464aa7b3c3c828bb52a) Importer(815301076,1909f56bfc062723c751e8b465ee728b)
Start importing Assets/ARCANOID/GameConfiguration/UI Configs/LoadingScreen/LoadingScreenConfig.asset using Guid(2f7fda4c92e01464aa7b3c3c828bb52a) Importer(815301076,1909f56bfc062723c751e8b465ee728b)  -> (artifact id: 'efd1f639953d5ccad17400d3a0d8cb9b') in 0.022111 seconds 
========================================================================
Received Import Request.
  Time since last request: 14.712560 seconds.
  path: Assets/ARCANOID/Scripts/Common/Services/SceneLoader/Config/LoadingScreenConfig.cs
  artifactKey: Guid(3d65a5fed4dd4cf78aebc06991f5394e) Importer(815301076,1909f56bfc062723c751e8b465ee728b)
Start importing Assets/ARCANOID/Scripts/Common/Services/SceneLoader/Config/LoadingScreenConfig.cs using Guid(3d65a5fed4dd4cf78aebc06991f5394e) Importer(815301076,1909f56bfc062723c751e8b465ee728b)  -> (artifact id: 'aaeacda6f11a59d4966f155649c2499c') in 0.001986 seconds 
========================================================================
Received Import Request.
  Time since last request: 8.924105 seconds.
  path: Assets/ARCANOID/Scripts/Common/Services/SceneLoader/LoadingScreen.cs
  artifactKey: Guid(838a20620adc41368ff5e5daec68bab5) Importer(815301076,1909f56bfc062723c751e8b465ee728b)
Start importing Assets/ARCANOID/Scripts/Common/Services/SceneLoader/LoadingScreen.cs using Guid(838a20620adc41368ff5e5daec68bab5) Importer(815301076,1909f56bfc062723c751e8b465ee728b)  -> (artifact id: '4671ddc29c7334f8a3f3a0be66509187') in 0.008029 seconds 
========================================================================
Received Import Request.
  Time since last request: 1.483820 seconds.
  path: Assets/ARCANOID/GameConfiguration/UI Configs/LoadingScreen
  artifactKey: Guid(3507c2546f11a461999e10c2b584a725) Importer(815301076,1909f56bfc062723c751e8b465ee728b)
Start importing Assets/ARCANOID/GameConfiguration/UI Configs/LoadingScreen using Guid(3507c2546f11a461999e10c2b584a725) Importer(815301076,1909f56bfc062723c751e8b465ee728b)  -> (artifact id: 'a4edc9bce12b0aff79022b7ad0f4007c') in 0.012684 seconds 
========================================================================
Received Import Request.
  Time since last request: 137.856816 seconds.
  path: Assets/ARCANOID/Scenes/LevelSelection.unity
  artifactKey: Guid(a630b4212f9ed42fdac1c00da09518de) Importer(815301076,1909f56bfc062723c751e8b465ee728b)
Start importing Assets/ARCANOID/Scenes/LevelSelection.unity using Guid(a630b4212f9ed42fdac1c00da09518de) Importer(815301076,1909f56bfc062723c751e8b465ee728b)  -> (artifact id: '413f44fed34c8b8a95753e1c3c0943a2') in 0.010687 seconds 
========================================================================
Received Import Request.
  Time since last request: 15.864566 seconds.
  path: Assets/ARCANOID/GameConfiguration/UI Configs
  artifactKey: Guid(ec44ba6118f3472e8f934338546f73b8) Importer(815301076,1909f56bfc062723c751e8b465ee728b)
Start importing Assets/ARCANOID/GameConfiguration/UI Configs using Guid(ec44ba6118f3472e8f934338546f73b8) Importer(815301076,1909f56bfc062723c751e8b465ee728b)  -> (artifact id: 'd33cab283645f9fcd49fd5932addd2fb') in 0.009694 seconds 
========================================================================
Received Import Request.
  Time since last request: 88.184635 seconds.
  path: Assets/ARCANOID/Scripts/Libs/PoolingSystem/Pool
  artifactKey: Guid(863369b3e1f3e4e149009664f42736dd) Importer(815301076,1909f56bfc062723c751e8b465ee728b)
Start importing Assets/ARCANOID/Scripts/Libs/PoolingSystem/Pool using Guid(863369b3e1f3e4e149009664f42736dd) Importer(815301076,1909f56bfc062723c751e8b465ee728b)  -> (artifact id: '5b19b597801af3b9b4915bf940059579') in 0.011084 seconds 
========================================================================
Received Import Request.
  Time since last request: 1.028392 seconds.
  path: Assets/ARCANOID/Scripts/Libs/PoolingSystem/Pool/SpecificObjectPool.cs
  artifactKey: Guid(80b1b5e473da4dc4b9225a6343ec9db0) Importer(815301076,1909f56bfc062723c751e8b465ee728b)
Start importing Assets/ARCANOID/Scripts/Libs/PoolingSystem/Pool/SpecificObjectPool.cs using Guid(80b1b5e473da4dc4b9225a6343ec9db0) Importer(815301076,1909f56bfc062723c751e8b465ee728b)  -> (artifact id: '51e541d69d28c8b2df2e011c91bfb1d8') in 0.007708 seconds 
========================================================================
Received Import Request.
  Time since last request: 67.507210 seconds.
  path: Assets/ARCANOID/Scripts/Libs/PoolingSystem/Configuration
  artifactKey: Guid(20368a93fd604c908661716c003718b9) Importer(815301076,1909f56bfc062723c751e8b465ee728b)
Start importing Assets/ARCANOID/Scripts/Libs/PoolingSystem/Configuration using Guid(20368a93fd604c908661716c003718b9) Importer(815301076,1909f56bfc062723c751e8b465ee728b)  -> (artifact id: '763a3831c637ee90ea2126a7018ef979') in 0.011323 seconds 
========================================================================
Received Prepare
Registering precompiled user dll's ...
Registered in 0.003328 seconds.
Begin MonoManager ReloadAssembly
Symbol file LoadedFromMemory is not a mono symbol file
Native extension for WindowsStandalone target not found
Refreshing native plugins compatible for Editor in 0.62 ms, found 3 plugins.
Preloading 0 native plugins for Editor in 0.00 ms.
Mono: successfully reloaded assembly
- Completed reload, in  0.757 seconds
Domain Reload Profiling:
	ReloadAssembly (757ms)
		BeginReloadAssembly (89ms)
			ExecutionOrderSort (0ms)
			DisableScriptedObjects (5ms)
			BackupInstance (0ms)
			ReleaseScriptingObjects (0ms)
			CreateAndSetChildDomain (30ms)
		EndReloadAssembly (628ms)
			LoadAssemblies (72ms)
			RebuildTransferFunctionScriptingTraits (0ms)
			SetupTypeCache (218ms)
			ReleaseScriptCaches (1ms)
			RebuildScriptCaches (27ms)
			SetupLoadedEditorAssemblies (237ms)
				LogAssemblyErrors (0ms)
				InitializePlatformSupportModulesInManaged (4ms)
				SetLoadedEditorAssemblies (0ms)
				RefreshPlugins (1ms)
				BeforeProcessingInitializeOnLoad (69ms)
				ProcessInitializeOnLoadAttributes (153ms)
				ProcessInitializeOnLoadMethodAttributes (8ms)
				AfterProcessingInitializeOnLoad (3ms)
				EditorAssembliesLoaded (0ms)
			ExecutionOrderSort2 (0ms)
			AwakeInstancesAfterBackupRestoration (4ms)
Platform modules already initialized, skipping
Switching build target platform(19) subTarget(0) extendedPlatform(0) -> platform(13) subTarget(537395200) extendedPlatform(0)
Refreshing native plugins compatible for Editor in 0.60 ms, found 3 plugins.
Preloading 0 native plugins for Editor in 0.00 ms.
Unloading 2613 Unused Serialized files (Serialized files now loaded: 0)
System memory in use before: 111.4 MB.
System memory in use after: 111.7 MB.

Unloading 22 unused Assets to reduce memory usage. Loaded Objects now: 3095.
Total: 2.789700 ms (FindLiveObjects: 0.196000 ms CreateObjectMapping: 0.078200 ms MarkObjects: 2.494000 ms  DeleteObjects: 0.020600 ms)

AssetImportParameters requested are different than current active one (requested -> active):
  custom:framework-win-MediaFoundation: 216162199b28c13a410421893ffa2e32 -> 
  custom:video-decoder-ogg-theora: a1e56fd34408186e4bbccfd4996cb3dc -> 
  custom:container-muxer-webm: aa71ff27fc2769a1b78a27578f13a17b -> 
  custom:container-demuxer-webm: 4f35f7cbe854078d1ac9338744f61a02 -> 
  custom:container-demuxer-ogg: 62fdf1f143b41e24485cea50d1cbac27 -> 
  custom:video-encoder-webm-vp8: eb34c28f22e8b96e1ab97ce403110664 -> 
  custom:video-decoder-webm-vp8: 9c59270c3fd7afecdb556c50c9e8de78 -> 
  custom:graphics/normal-map-encoding: 01000000000000000000000000000000 -> 02000000000000000000000000000000
  custom:audio-decoder-ogg-vorbis: bf7c407c2cedff20999df2af8eb42d56 -> 
  custom:audio-encoder-webm-vorbis: bf7c407c2cedff20999df2af8eb42d56 -> 
========================================================================
Received Import Request.
  Time since last request: 97.621962 seconds.
  path: Assets/ARCANOID/Scenes/InitScene.unity
  artifactKey: Guid(c58dcf2ca9f684ec484fc9a65902f2b6) Importer(815301076,1909f56bfc062723c751e8b465ee728b)
Start importing Assets/ARCANOID/Scenes/InitScene.unity using Guid(c58dcf2ca9f684ec484fc9a65902f2b6) Importer(815301076,1909f56bfc062723c751e8b465ee728b)  -> (artifact id: '779a8a71766ac355503d4dfbb40931ae') in 0.012245 seconds 
========================================================================
Received Import Request.
  Time since last request: 17.028385 seconds.
  path: Assets/ARCANOID/Prefabs/Popups/LosePopup.prefab
  artifactKey: Guid(608ff6d17014c4298bd4f6cbcff10287) Importer(815301076,1909f56bfc062723c751e8b465ee728b)
Start importing Assets/ARCANOID/Prefabs/Popups/LosePopup.prefab using Guid(608ff6d17014c4298bd4f6cbcff10287) Importer(815301076,1909f56bfc062723c751e8b465ee728b)  -> (artifact id: '945bb3bf1c02fea2cb5eb9caf96d58a9') in 0.092831 seconds 
========================================================================
Received Import Request.
  Time since last request: 0.000143 seconds.
  path: Assets/ARCANOID/Prefabs/Popups/PausePopup.prefab
  artifactKey: Guid(97d8ef4da46e747ae9732884727954d3) Importer(815301076,1909f56bfc062723c751e8b465ee728b)
Start importing Assets/ARCANOID/Prefabs/Popups/PausePopup.prefab using Guid(97d8ef4da46e747ae9732884727954d3) Importer(815301076,1909f56bfc062723c751e8b465ee728b)  -> (artifact id: '041f46898822e2448ea788f3d9d7a0f7') in 0.023450 seconds 
========================================================================
Received Import Request.
  Time since last request: 0.000131 seconds.
  path: Assets/ARCANOID/Prefabs/Popups/VictoryPopup.prefab
  artifactKey: Guid(166b2555be4dd44bca9a8558814f9aa7) Importer(815301076,1909f56bfc062723c751e8b465ee728b)
Start importing Assets/ARCANOID/Prefabs/Popups/VictoryPopup.prefab using Guid(166b2555be4dd44bca9a8558814f9aa7) Importer(815301076,1909f56bfc062723c751e8b465ee728b)  -> (artifact id: '072f29d48492fb8a6889f2d8e33587e9') in 0.022912 seconds 
========================================================================
Received Import Request.
  Time since last request: 11.776945 seconds.
  path: Assets/ARCANOID/Prefabs/Managers/EnergyManager.prefab
  artifactKey: Guid(a771b66f79ccd4e2ebbb2e210bc35727) Importer(815301076,1909f56bfc062723c751e8b465ee728b)
Start importing Assets/ARCANOID/Prefabs/Managers/EnergyManager.prefab using Guid(a771b66f79ccd4e2ebbb2e210bc35727) Importer(815301076,1909f56bfc062723c751e8b465ee728b)  -> (artifact id: '6fa2a2da0661c9cf6dcce9d29e8c05c2') in 0.012844 seconds 
========================================================================
Received Import Request.
  Time since last request: 0.000144 seconds.
  path: Assets/ARCANOID/Prefabs/Managers/StoredDataManager.prefab
  artifactKey: Guid(5d87b8ecfd73142df922c98d14232756) Importer(815301076,1909f56bfc062723c751e8b465ee728b)
Start importing Assets/ARCANOID/Prefabs/Managers/StoredDataManager.prefab using Guid(5d87b8ecfd73142df922c98d14232756) Importer(815301076,1909f56bfc062723c751e8b465ee728b)  -> (artifact id: 'e135359ec925e56f64f9b0ec7a441e19') in 0.009102 seconds 
========================================================================
Received Import Request.
  Time since last request: 0.000222 seconds.
  path: Assets/ARCANOID/Prefabs/Managers/PopupsManager.prefab
  artifactKey: Guid(1ce17e8864e2e4f60bb7c8e98613b382) Importer(815301076,1909f56bfc062723c751e8b465ee728b)
Start importing Assets/ARCANOID/Prefabs/Managers/PopupsManager.prefab using Guid(1ce17e8864e2e4f60bb7c8e98613b382) Importer(815301076,1909f56bfc062723c751e8b465ee728b)  -> (artifact id: '1aff60d5ad72fa86c8ed2c75faf5d3a6') in 0.009467 seconds 
========================================================================
Received Import Request.
  Time since last request: 0.000148 seconds.
  path: Assets/ARCANOID/Prefabs/Managers/PoolsManager.prefab
  artifactKey: Guid(5d7a4834fe7bc40fd9968f4c9a0936e6) Importer(815301076,1909f56bfc062723c751e8b465ee728b)
Start importing Assets/ARCANOID/Prefabs/Managers/PoolsManager.prefab using Guid(5d7a4834fe7bc40fd9968f4c9a0936e6) Importer(815301076,1909f56bfc062723c751e8b465ee728b)  -> (artifact id: 'd79c8350e88bec55ab2922ab526d6410') in 0.038471 seconds 
========================================================================
Received Import Request.
  Time since last request: 0.000147 seconds.
  path: Assets/ARCANOID/Prefabs/Managers/LocalizationManager.prefab
  artifactKey: Guid(0cbce00b057d04c9e92d019891b4696b) Importer(815301076,1909f56bfc062723c751e8b465ee728b)
Start importing Assets/ARCANOID/Prefabs/Managers/LocalizationManager.prefab using Guid(0cbce00b057d04c9e92d019891b4696b) Importer(815301076,1909f56bfc062723c751e8b465ee728b)  -> (artifact id: '1276e871e34e435ae14739bb4c8fc262') in 0.009591 seconds 
========================================================================
Received Import Request.
  Time since last request: 29.503107 seconds.
  path: Assets/ARCANOID/Prefabs/VFX/BombExplosionsParticleSystem
  artifactKey: Guid(0ce83c17742b443b5ad52d48f619dce3) Importer(815301076,1909f56bfc062723c751e8b465ee728b)
Start importing Assets/ARCANOID/Prefabs/VFX/BombExplosionsParticleSystem using Guid(0ce83c17742b443b5ad52d48f619dce3) Importer(815301076,1909f56bfc062723c751e8b465ee728b)  -> (artifact id: '2711306f26410bad68dd81edab62013c') in 0.018550 seconds 
========================================================================
Received Import Request.
  Time since last request: 1.815975 seconds.
  path: Assets/ARCANOID/Media/VFX/Materials/BonusTrailMaterial.mat
  artifactKey: Guid(b9a6b251042604896817be24864f4f59) Importer(815301076,1909f56bfc062723c751e8b465ee728b)
Start importing Assets/ARCANOID/Media/VFX/Materials/BonusTrailMaterial.mat using Guid(b9a6b251042604896817be24864f4f59) Importer(815301076,1909f56bfc062723c751e8b465ee728b)  -> (artifact id: 'b07deeacef9260910a460bc6da31cca5') in 0.054185 seconds 
========================================================================
Received Import Request.
  Time since last request: 23.822279 seconds.
  path: Assets/ARCANOID/Prefabs/VFX/FxEntities
  artifactKey: Guid(39ca52fcf18504db7b44a6a48c18d07e) Importer(815301076,1909f56bfc062723c751e8b465ee728b)
Start importing Assets/ARCANOID/Prefabs/VFX/FxEntities using Guid(39ca52fcf18504db7b44a6a48c18d07e) Importer(815301076,1909f56bfc062723c751e8b465ee728b)  -> (artifact id: 'a36c997038a86f4ef58395426028f1da') in 0.009118 seconds 
========================================================================
Received Import Request.
  Time since last request: 69.525448 seconds.
  path: Assets/ARCANOID/Prefabs/Factories/BallsFactory.prefab
  artifactKey: Guid(073d7a02a092749de98657f9afa08a3d) Importer(815301076,1909f56bfc062723c751e8b465ee728b)
Start importing Assets/ARCANOID/Prefabs/Factories/BallsFactory.prefab using Guid(073d7a02a092749de98657f9afa08a3d) Importer(815301076,1909f56bfc062723c751e8b465ee728b)  -> (artifact id: '9700f438c753d770a6ab438b74e98c65') in 0.022069 seconds 
========================================================================
Received Import Request.
  Time since last request: 0.000149 seconds.
  path: Assets/ARCANOID/Prefabs/Factories/DroppableBonusFactory.prefab
  artifactKey: Guid(f36af844dc11f4338a053be1370b19a5) Importer(815301076,1909f56bfc062723c751e8b465ee728b)
Start importing Assets/ARCANOID/Prefabs/Factories/DroppableBonusFactory.prefab using Guid(f36af844dc11f4338a053be1370b19a5) Importer(815301076,1909f56bfc062723c751e8b465ee728b)  -> (artifact id: 'c2f01c2baef51add5b4a294f6d0b8573') in 0.009284 seconds 
========================================================================
Received Import Request.
  Time since last request: 0.000128 seconds.
  path: Assets/ARCANOID/Prefabs/Factories/UIEntityFactory.prefab
  artifactKey: Guid(c82352a77d4aa4516a5e628f56170a0b) Importer(815301076,1909f56bfc062723c751e8b465ee728b)
Start importing Assets/ARCANOID/Prefabs/Factories/UIEntityFactory.prefab using Guid(c82352a77d4aa4516a5e628f56170a0b) Importer(815301076,1909f56bfc062723c751e8b465ee728b)  -> (artifact id: 'c55b25688bbecef56b3da945e29a8f92') in 0.011633 seconds 
========================================================================
Received Import Request.
  Time since last request: 10.589919 seconds.
  path: Assets/ARCANOID/Prefabs/GameObjects/Bonuses/DroppableBonus.prefab
  artifactKey: Guid(41b382ad35d144abcabd947231ca2e9e) Importer(815301076,1909f56bfc062723c751e8b465ee728b)
Start importing Assets/ARCANOID/Prefabs/GameObjects/Bonuses/DroppableBonus.prefab using Guid(41b382ad35d144abcabd947231ca2e9e) Importer(815301076,1909f56bfc062723c751e8b465ee728b)  -> (artifact id: '0af959a451b1a87d230ee53ef9a84af6') in 0.021472 seconds 
========================================================================
Received Import Request.
  Time since last request: 9.541043 seconds.
  path: Assets/ARCANOID/Prefabs/UI/Energy
  artifactKey: Guid(ddcab019e1f6b468f8e723348960f154) Importer(815301076,1909f56bfc062723c751e8b465ee728b)
Start importing Assets/ARCANOID/Prefabs/UI/Energy using Guid(ddcab019e1f6b468f8e723348960f154) Importer(815301076,1909f56bfc062723c751e8b465ee728b)  -> (artifact id: '87671bc37558bcdd574d001bab343755') in 0.008972 seconds 
========================================================================
Received Import Request.
  Time since last request: 0.088113 seconds.
  path: Assets/ARCANOID/Prefabs/UI/Energy/DefaultEnergyView.prefab
  artifactKey: Guid(31c5ce8df42f44ba4b279acbf376c2b2) Importer(815301076,1909f56bfc062723c751e8b465ee728b)
Start importing Assets/ARCANOID/Prefabs/UI/Energy/DefaultEnergyView.prefab using Guid(31c5ce8df42f44ba4b279acbf376c2b2) Importer(815301076,1909f56bfc062723c751e8b465ee728b)  -> (artifact id: '4c989abaa98d9eba7bbfabcc9f7819ac') in 0.023725 seconds 
========================================================================
Received Import Request.
  Time since last request: 4.429067 seconds.
  path: Assets/ARCANOID/Prefabs/UI/Layers
  artifactKey: Guid(0d16dc844fe834d01ac3b11b7fda6aea) Importer(815301076,1909f56bfc062723c751e8b465ee728b)
Start importing Assets/ARCANOID/Prefabs/UI/Layers using Guid(0d16dc844fe834d01ac3b11b7fda6aea) Importer(815301076,1909f56bfc062723c751e8b465ee728b)  -> (artifact id: '1207d34ed7532c27dadc0b48322889fd') in 0.008745 seconds 
========================================================================
Received Import Request.
  Time since last request: 0.051465 seconds.
  path: Assets/ARCANOID/Prefabs/UI/Layers/Popups.prefab
  artifactKey: Guid(dfa11901bd4fb4c0299835e740db32fc) Importer(815301076,1909f56bfc062723c751e8b465ee728b)
Start importing Assets/ARCANOID/Prefabs/UI/Layers/Popups.prefab using Guid(dfa11901bd4fb4c0299835e740db32fc) Importer(815301076,1909f56bfc062723c751e8b465ee728b)  -> (artifact id: 'a882a939d80e9bc9ee2f3c4e08934292') in 0.012328 seconds 
========================================================================
Received Import Request.
  Time since last request: 0.000156 seconds.
  path: Assets/ARCANOID/Prefabs/UI/Layers/SceneLoader.prefab
  artifactKey: Guid(f85fa2bf6b82d41389ae0c253ddb8c3e) Importer(815301076,1909f56bfc062723c751e8b465ee728b)
Start importing Assets/ARCANOID/Prefabs/UI/Layers/SceneLoader.prefab using Guid(f85fa2bf6b82d41389ae0c253ddb8c3e) Importer(815301076,1909f56bfc062723c751e8b465ee728b)  -> (artifact id: 'bd278779d4927ca5e014d85c51d64b61') in 0.022031 seconds 
========================================================================
Received Import Request.
  Time since last request: 114.845488 seconds.
  path: Assets/ARCANOID/Prefabs/UI/Layers/SceneLoader.prefab
  artifactKey: Guid(f85fa2bf6b82d41389ae0c253ddb8c3e) Importer(815301076,1909f56bfc062723c751e8b465ee728b)
Start importing Assets/ARCANOID/Prefabs/UI/Layers/SceneLoader.prefab using Guid(f85fa2bf6b82d41389ae0c253ddb8c3e) Importer(815301076,1909f56bfc062723c751e8b465ee728b)  -> (artifact id: '328b215f801949fa6c219f9d7d138d5d') in 0.016882 seconds 
========================================================================
Received Prepare
Registering precompiled user dll's ...
Registered in 0.003430 seconds.
Begin MonoManager ReloadAssembly
Symbol file LoadedFromMemory is not a mono symbol file
Native extension for WindowsStandalone target not found
Refreshing native plugins compatible for Editor in 1.19 ms, found 3 plugins.
Preloading 0 native plugins for Editor in 0.00 ms.
Mono: successfully reloaded assembly
- Completed reload, in  1.030 seconds
Domain Reload Profiling:
	ReloadAssembly (1031ms)
		BeginReloadAssembly (133ms)
			ExecutionOrderSort (0ms)
			DisableScriptedObjects (6ms)
			BackupInstance (0ms)
			ReleaseScriptingObjects (0ms)
			CreateAndSetChildDomain (56ms)
		EndReloadAssembly (847ms)
			LoadAssemblies (96ms)
			RebuildTransferFunctionScriptingTraits (0ms)
			SetupTypeCache (295ms)
			ReleaseScriptCaches (1ms)
			RebuildScriptCaches (40ms)
			SetupLoadedEditorAssemblies (330ms)
				LogAssemblyErrors (0ms)
				InitializePlatformSupportModulesInManaged (5ms)
				SetLoadedEditorAssemblies (1ms)
				RefreshPlugins (1ms)
				BeforeProcessingInitializeOnLoad (106ms)
				ProcessInitializeOnLoadAttributes (203ms)
				ProcessInitializeOnLoadMethodAttributes (10ms)
				AfterProcessingInitializeOnLoad (3ms)
				EditorAssembliesLoaded (0ms)
			ExecutionOrderSort2 (0ms)
			AwakeInstancesAfterBackupRestoration (4ms)
Platform modules already initialized, skipping
Switching build target platform(19) subTarget(0) extendedPlatform(0) -> platform(13) subTarget(537395200) extendedPlatform(0)
Refreshing native plugins compatible for Editor in 0.60 ms, found 3 plugins.
Preloading 0 native plugins for Editor in 0.00 ms.
Unloading 2613 Unused Serialized files (Serialized files now loaded: 0)
System memory in use before: 111.8 MB.
System memory in use after: 112.0 MB.

Unloading 25 unused Assets to reduce memory usage. Loaded Objects now: 3135.
Total: 3.268900 ms (FindLiveObjects: 0.214900 ms CreateObjectMapping: 0.081400 ms MarkObjects: 2.896400 ms  DeleteObjects: 0.075100 ms)

AssetImportParameters requested are different than current active one (requested -> active):
  custom:framework-win-MediaFoundation: 216162199b28c13a410421893ffa2e32 -> 
  custom:video-decoder-ogg-theora: a1e56fd34408186e4bbccfd4996cb3dc -> 
  custom:container-muxer-webm: aa71ff27fc2769a1b78a27578f13a17b -> 
  custom:container-demuxer-webm: 4f35f7cbe854078d1ac9338744f61a02 -> 
  custom:container-demuxer-ogg: 62fdf1f143b41e24485cea50d1cbac27 -> 
  custom:video-encoder-webm-vp8: eb34c28f22e8b96e1ab97ce403110664 -> 
  custom:video-decoder-webm-vp8: 9c59270c3fd7afecdb556c50c9e8de78 -> 
  custom:graphics/normal-map-encoding: 01000000000000000000000000000000 -> 02000000000000000000000000000000
  custom:audio-decoder-ogg-vorbis: bf7c407c2cedff20999df2af8eb42d56 -> 
  custom:audio-encoder-webm-vorbis: bf7c407c2cedff20999df2af8eb42d56 -> 
========================================================================
Received Prepare
Registering precompiled user dll's ...
Registered in 0.003445 seconds.
Begin MonoManager ReloadAssembly
Symbol file LoadedFromMemory is not a mono symbol file
Native extension for WindowsStandalone target not found
Refreshing native plugins compatible for Editor in 0.65 ms, found 3 plugins.
Preloading 0 native plugins for Editor in 0.00 ms.
Mono: successfully reloaded assembly
- Completed reload, in  0.885 seconds
Domain Reload Profiling:
	ReloadAssembly (886ms)
		BeginReloadAssembly (134ms)
			ExecutionOrderSort (0ms)
			DisableScriptedObjects (6ms)
			BackupInstance (0ms)
			ReleaseScriptingObjects (0ms)
			CreateAndSetChildDomain (55ms)
		EndReloadAssembly (698ms)
			LoadAssemblies (102ms)
			RebuildTransferFunctionScriptingTraits (0ms)
			SetupTypeCache (255ms)
			ReleaseScriptCaches (1ms)
			RebuildScriptCaches (31ms)
			SetupLoadedEditorAssemblies (240ms)
				LogAssemblyErrors (0ms)
				InitializePlatformSupportModulesInManaged (4ms)
				SetLoadedEditorAssemblies (0ms)
				RefreshPlugins (1ms)
				BeforeProcessingInitializeOnLoad (74ms)
				ProcessInitializeOnLoadAttributes (148ms)
				ProcessInitializeOnLoadMethodAttributes (9ms)
				AfterProcessingInitializeOnLoad (3ms)
				EditorAssembliesLoaded (0ms)
			ExecutionOrderSort2 (0ms)
			AwakeInstancesAfterBackupRestoration (4ms)
Platform modules already initialized, skipping
Switching build target platform(19) subTarget(0) extendedPlatform(0) -> platform(13) subTarget(537395200) extendedPlatform(0)
Refreshing native plugins compatible for Editor in 0.63 ms, found 3 plugins.
Preloading 0 native plugins for Editor in 0.00 ms.
Unloading 2613 Unused Serialized files (Serialized files now loaded: 0)
System memory in use before: 111.8 MB.
System memory in use after: 112.0 MB.

Unloading 22 unused Assets to reduce memory usage. Loaded Objects now: 3138.
Total: 2.575900 ms (FindLiveObjects: 0.178000 ms CreateObjectMapping: 0.080800 ms MarkObjects: 2.289900 ms  DeleteObjects: 0.026300 ms)

AssetImportParameters requested are different than current active one (requested -> active):
  custom:framework-win-MediaFoundation: 216162199b28c13a410421893ffa2e32 -> 
  custom:video-decoder-ogg-theora: a1e56fd34408186e4bbccfd4996cb3dc -> 
  custom:container-muxer-webm: aa71ff27fc2769a1b78a27578f13a17b -> 
  custom:container-demuxer-webm: 4f35f7cbe854078d1ac9338744f61a02 -> 
  custom:container-demuxer-ogg: 62fdf1f143b41e24485cea50d1cbac27 -> 
  custom:video-encoder-webm-vp8: eb34c28f22e8b96e1ab97ce403110664 -> 
  custom:video-decoder-webm-vp8: 9c59270c3fd7afecdb556c50c9e8de78 -> 
  custom:graphics/normal-map-encoding: 01000000000000000000000000000000 -> 02000000000000000000000000000000
  custom:audio-decoder-ogg-vorbis: bf7c407c2cedff20999df2af8eb42d56 -> 
  custom:audio-encoder-webm-vorbis: bf7c407c2cedff20999df2af8eb42d56 -> 
========================================================================
Received Prepare
Registering precompiled user dll's ...
Registered in 0.003194 seconds.
Begin MonoManager ReloadAssembly
Symbol file LoadedFromMemory is not a mono symbol file
Native extension for WindowsStandalone target not found
Refreshing native plugins compatible for Editor in 0.63 ms, found 3 plugins.
Preloading 0 native plugins for Editor in 0.00 ms.
Mono: successfully reloaded assembly
- Completed reload, in  0.813 seconds
Domain Reload Profiling:
	ReloadAssembly (813ms)
		BeginReloadAssembly (100ms)
			ExecutionOrderSort (0ms)
			DisableScriptedObjects (5ms)
			BackupInstance (0ms)
			ReleaseScriptingObjects (0ms)
			CreateAndSetChildDomain (37ms)
		EndReloadAssembly (669ms)
			LoadAssemblies (79ms)
			RebuildTransferFunctionScriptingTraits (0ms)
			SetupTypeCache (233ms)
			ReleaseScriptCaches (1ms)
			RebuildScriptCaches (29ms)
			SetupLoadedEditorAssemblies (245ms)
				LogAssemblyErrors (0ms)
				InitializePlatformSupportModulesInManaged (4ms)
				SetLoadedEditorAssemblies (0ms)
				RefreshPlugins (1ms)
				BeforeProcessingInitializeOnLoad (77ms)
				ProcessInitializeOnLoadAttributes (150ms)
				ProcessInitializeOnLoadMethodAttributes (11ms)
				AfterProcessingInitializeOnLoad (3ms)
				EditorAssembliesLoaded (0ms)
			ExecutionOrderSort2 (0ms)
			AwakeInstancesAfterBackupRestoration (4ms)
Platform modules already initialized, skipping
Switching build target platform(19) subTarget(0) extendedPlatform(0) -> platform(13) subTarget(537395200) extendedPlatform(0)
Refreshing native plugins compatible for Editor in 0.65 ms, found 3 plugins.
Preloading 0 native plugins for Editor in 0.00 ms.
Unloading 2613 Unused Serialized files (Serialized files now loaded: 0)
System memory in use before: 111.8 MB.
System memory in use after: 112.0 MB.

Unloading 22 unused Assets to reduce memory usage. Loaded Objects now: 3141.
Total: 2.728400 ms (FindLiveObjects: 0.213400 ms CreateObjectMapping: 0.069300 ms MarkObjects: 2.421500 ms  DeleteObjects: 0.023400 ms)

AssetImportParameters requested are different than current active one (requested -> active):
  custom:framework-win-MediaFoundation: 216162199b28c13a410421893ffa2e32 -> 
  custom:video-decoder-ogg-theora: a1e56fd34408186e4bbccfd4996cb3dc -> 
  custom:container-muxer-webm: aa71ff27fc2769a1b78a27578f13a17b -> 
  custom:container-demuxer-webm: 4f35f7cbe854078d1ac9338744f61a02 -> 
  custom:container-demuxer-ogg: 62fdf1f143b41e24485cea50d1cbac27 -> 
  custom:video-encoder-webm-vp8: eb34c28f22e8b96e1ab97ce403110664 -> 
  custom:video-decoder-webm-vp8: 9c59270c3fd7afecdb556c50c9e8de78 -> 
  custom:graphics/normal-map-encoding: 01000000000000000000000000000000 -> 02000000000000000000000000000000
  custom:audio-decoder-ogg-vorbis: bf7c407c2cedff20999df2af8eb42d56 -> 
  custom:audio-encoder-webm-vorbis: bf7c407c2cedff20999df2af8eb42d56 -> 
========================================================================
Received Prepare
Registering precompiled user dll's ...
Registered in 0.003654 seconds.
Begin MonoManager ReloadAssembly
Symbol file LoadedFromMemory is not a mono symbol file
Native extension for WindowsStandalone target not found
Refreshing native plugins compatible for Editor in 0.94 ms, found 3 plugins.
Preloading 0 native plugins for Editor in 0.00 ms.
Mono: successfully reloaded assembly
- Completed reload, in  1.040 seconds
Domain Reload Profiling:
	ReloadAssembly (1041ms)
		BeginReloadAssembly (134ms)
			ExecutionOrderSort (0ms)
			DisableScriptedObjects (7ms)
			BackupInstance (0ms)
			ReleaseScriptingObjects (0ms)
			CreateAndSetChildDomain (51ms)
		EndReloadAssembly (850ms)
			LoadAssemblies (104ms)
			RebuildTransferFunctionScriptingTraits (0ms)
			SetupTypeCache (308ms)
			ReleaseScriptCaches (1ms)
			RebuildScriptCaches (41ms)
			SetupLoadedEditorAssemblies (301ms)
				LogAssemblyErrors (0ms)
				InitializePlatformSupportModulesInManaged (5ms)
				SetLoadedEditorAssemblies (0ms)
				RefreshPlugins (1ms)
				BeforeProcessingInitializeOnLoad (88ms)
				ProcessInitializeOnLoadAttributes (191ms)
				ProcessInitializeOnLoadMethodAttributes (13ms)
				AfterProcessingInitializeOnLoad (3ms)
				EditorAssembliesLoaded (0ms)
			ExecutionOrderSort2 (0ms)
			AwakeInstancesAfterBackupRestoration (4ms)
Platform modules already initialized, skipping
Switching build target platform(19) subTarget(0) extendedPlatform(0) -> platform(13) subTarget(537395200) extendedPlatform(0)
Refreshing native plugins compatible for Editor in 0.67 ms, found 3 plugins.
Preloading 0 native plugins for Editor in 0.00 ms.
Unloading 2613 Unused Serialized files (Serialized files now loaded: 0)
System memory in use before: 111.8 MB.
System memory in use after: 112.0 MB.

Unloading 22 unused Assets to reduce memory usage. Loaded Objects now: 3144.
Total: 2.833700 ms (FindLiveObjects: 0.236000 ms CreateObjectMapping: 0.073100 ms MarkObjects: 2.489100 ms  DeleteObjects: 0.034300 ms)

AssetImportParameters requested are different than current active one (requested -> active):
  custom:framework-win-MediaFoundation: 216162199b28c13a410421893ffa2e32 -> 
  custom:video-decoder-ogg-theora: a1e56fd34408186e4bbccfd4996cb3dc -> 
  custom:container-muxer-webm: aa71ff27fc2769a1b78a27578f13a17b -> 
  custom:container-demuxer-webm: 4f35f7cbe854078d1ac9338744f61a02 -> 
  custom:container-demuxer-ogg: 62fdf1f143b41e24485cea50d1cbac27 -> 
  custom:video-encoder-webm-vp8: eb34c28f22e8b96e1ab97ce403110664 -> 
  custom:video-decoder-webm-vp8: 9c59270c3fd7afecdb556c50c9e8de78 -> 
  custom:graphics/normal-map-encoding: 01000000000000000000000000000000 -> 02000000000000000000000000000000
  custom:audio-decoder-ogg-vorbis: bf7c407c2cedff20999df2af8eb42d56 -> 
  custom:audio-encoder-webm-vorbis: bf7c407c2cedff20999df2af8eb42d56 -> 
========================================================================
Received Prepare
Registering precompiled user dll's ...
Registered in 0.004847 seconds.
Begin MonoManager ReloadAssembly
Symbol file LoadedFromMemory is not a mono symbol file
Native extension for WindowsStandalone target not found
Refreshing native plugins compatible for Editor in 0.62 ms, found 3 plugins.
Preloading 0 native plugins for Editor in 0.00 ms.
Mono: successfully reloaded assembly
- Completed reload, in  0.770 seconds
Domain Reload Profiling:
	ReloadAssembly (771ms)
		BeginReloadAssembly (90ms)
			ExecutionOrderSort (0ms)
			DisableScriptedObjects (5ms)
			BackupInstance (0ms)
			ReleaseScriptingObjects (0ms)
			CreateAndSetChildDomain (29ms)
		EndReloadAssembly (639ms)
			LoadAssemblies (76ms)
			RebuildTransferFunctionScriptingTraits (0ms)
			SetupTypeCache (209ms)
			ReleaseScriptCaches (1ms)
			RebuildScriptCaches (28ms)
			SetupLoadedEditorAssemblies (242ms)
				LogAssemblyErrors (0ms)
				InitializePlatformSupportModulesInManaged (4ms)
				SetLoadedEditorAssemblies (0ms)
				RefreshPlugins (1ms)
				BeforeProcessingInitializeOnLoad (68ms)
				ProcessInitializeOnLoadAttributes (158ms)
				ProcessInitializeOnLoadMethodAttributes (8ms)
				AfterProcessingInitializeOnLoad (3ms)
				EditorAssembliesLoaded (0ms)
			ExecutionOrderSort2 (0ms)
			AwakeInstancesAfterBackupRestoration (3ms)
Platform modules already initialized, skipping
Switching build target platform(19) subTarget(0) extendedPlatform(0) -> platform(13) subTarget(537395200) extendedPlatform(0)
Refreshing native plugins compatible for Editor in 0.58 ms, found 3 plugins.
Preloading 0 native plugins for Editor in 0.00 ms.
Unloading 2613 Unused Serialized files (Serialized files now loaded: 0)
System memory in use before: 111.8 MB.
System memory in use after: 112.0 MB.

Unloading 22 unused Assets to reduce memory usage. Loaded Objects now: 3147.
Total: 2.782600 ms (FindLiveObjects: 0.186400 ms CreateObjectMapping: 0.080500 ms MarkObjects: 2.494300 ms  DeleteObjects: 0.020600 ms)

AssetImportParameters requested are different than current active one (requested -> active):
  custom:framework-win-MediaFoundation: 216162199b28c13a410421893ffa2e32 -> 
  custom:video-decoder-ogg-theora: a1e56fd34408186e4bbccfd4996cb3dc -> 
  custom:container-muxer-webm: aa71ff27fc2769a1b78a27578f13a17b -> 
  custom:container-demuxer-webm: 4f35f7cbe854078d1ac9338744f61a02 -> 
  custom:container-demuxer-ogg: 62fdf1f143b41e24485cea50d1cbac27 -> 
  custom:video-encoder-webm-vp8: eb34c28f22e8b96e1ab97ce403110664 -> 
  custom:video-decoder-webm-vp8: 9c59270c3fd7afecdb556c50c9e8de78 -> 
  custom:graphics/normal-map-encoding: 01000000000000000000000000000000 -> 02000000000000000000000000000000
  custom:audio-decoder-ogg-vorbis: bf7c407c2cedff20999df2af8eb42d56 -> 
  custom:audio-encoder-webm-vorbis: bf7c407c2cedff20999df2af8eb42d56 -> 
AssetImportWorkerClient::OnTransportError - code=2 error=End of file
