Using pre-set license
Built from '2020.3/staging' branch; Version is '2020.3.46f1 (18bc01a066b4) revision 1620993'; Using compiler version '192528614'; Build Type 'Release'
OS: 'Windows 11  (10.0.22000) 64bit Professional' Language: 'ru' Physical Memory: 14204 MB
BatchMode: 1, IsHumanControllingUs: 0, StartBugReporterOnCrash: 0, Is64bit: 1, IsPro: 0

COMMAND LINE ARGUMENTS:
D:\Programs\Unity\2020.3.46f1\Editor\Unity.exe
-adb2
-batchMode
-noUpm
-name
AssetImportWorker0
-projectPath
C:/Users/Bogdan/Desktop/Minecraft-Arcanoid/Arcanoid-main
-logFile
Logs/AssetImportWorker0.log
-srvPort
52468
Successfully changed project path to: C:/Users/Bogdan/Desktop/Minecraft-Arcanoid/Arcanoid-main
C:/Users/Bogdan/Desktop/Minecraft-Arcanoid/Arcanoid-main
Using Asset Import Pipeline V2.
Player connection [24028] Host "[IP] 192.168.0.107 [Port] 2953007392 [Flags] 2 [Guid] 616029381 [EditorId] 616029381 [Version] 1048832 [Id] WindowsEditor(7,Legion) [Debug] 1 [PackageName] WindowsEditor [ProjectName] Editor" joined multi-casting on [225.0.0.222:54997]...

Player connection [24028] Host "[IP] 192.168.0.107 [Port] 2953007392 [Flags] 2 [Guid] 616029381 [EditorId] 616029381 [Version] 1048832 [Id] WindowsEditor(7,Legion) [Debug] 1 [PackageName] WindowsEditor [ProjectName] Editor" joined alternative multi-casting on [225.0.0.222:34997]...

Refreshing native plugins compatible for Editor in 53.45 ms, found 3 plugins.
Preloading 0 native plugins for Editor in 0.00 ms.
Initialize engine version: 2020.3.46f1 (18bc01a066b4)
[Subsystems] Discovering subsystems at path D:/Programs/Unity/2020.3.46f1/Editor/Data/Resources/UnitySubsystems
[Subsystems] Discovering subsystems at path C:/Users/Bogdan/Desktop/Minecraft-Arcanoid/Arcanoid-main/Assets
GfxDevice: creating device client; threaded=0
Direct3D:
    Version:  Direct3D 11.0 [level 11.1]
    Renderer: NVIDIA GeForce RTX 3060 Laptop GPU (ID=0x2560)
    Vendor:   
    VRAM:     6009 MB
    Driver:   31.0.15.2849
Initialize mono
Mono path[0] = 'D:/Programs/Unity/2020.3.46f1/Editor/Data/Managed'
Mono path[1] = 'D:/Programs/Unity/2020.3.46f1/Editor/Data/MonoBleedingEdge/lib/mono/unityjit'
Mono config path = 'D:/Programs/Unity/2020.3.46f1/Editor/Data/MonoBleedingEdge/etc'
Using monoOptions --debugger-agent=transport=dt_socket,embedding=1,server=y,suspend=n,address=127.0.0.1:56984
Begin MonoManager ReloadAssembly
Registering precompiled unity dll's ...
Register platform support module: D:/Programs/Unity/2020.3.46f1/Editor/Data/PlaybackEngines/WindowsStandaloneSupport/UnityEditor.WindowsStandalone.Extensions.dll
Registered in 0.000942 seconds.
Native extension for WindowsStandalone target not found
Refreshing native plugins compatible for Editor in 40.69 ms, found 3 plugins.
Preloading 0 native plugins for Editor in 0.00 ms.
Mono: successfully reloaded assembly
- Completed reload, in  0.436 seconds
Domain Reload Profiling:
	ReloadAssembly (436ms)
		BeginReloadAssembly (47ms)
			ExecutionOrderSort (0ms)
			DisableScriptedObjects (0ms)
			BackupInstance (0ms)
			ReleaseScriptingObjects (0ms)
			CreateAndSetChildDomain (1ms)
		EndReloadAssembly (339ms)
			LoadAssemblies (46ms)
			RebuildTransferFunctionScriptingTraits (0ms)
			SetupTypeCache (100ms)
			ReleaseScriptCaches (0ms)
			RebuildScriptCaches (20ms)
			SetupLoadedEditorAssemblies (136ms)
				LogAssemblyErrors (0ms)
				InitializePlatformSupportModulesInManaged (3ms)
				SetLoadedEditorAssemblies (0ms)
				RefreshPlugins (41ms)
				BeforeProcessingInitializeOnLoad (10ms)
				ProcessInitializeOnLoadAttributes (62ms)
				ProcessInitializeOnLoadMethodAttributes (20ms)
				AfterProcessingInitializeOnLoad (0ms)
				EditorAssembliesLoaded (0ms)
			ExecutionOrderSort2 (0ms)
			AwakeInstancesAfterBackupRestoration (0ms)
Platform modules already initialized, skipping
Registering precompiled user dll's ...
Registered in 0.004648 seconds.
Begin MonoManager ReloadAssembly
Symbol file LoadedFromMemory is not a mono symbol file
Native extension for WindowsStandalone target not found
Refreshing native plugins compatible for Editor in 41.81 ms, found 3 plugins.
Preloading 0 native plugins for Editor in 0.00 ms.
Mono: successfully reloaded assembly
- Completed reload, in  0.851 seconds
Domain Reload Profiling:
	ReloadAssembly (852ms)
		BeginReloadAssembly (104ms)
			ExecutionOrderSort (0ms)
			DisableScriptedObjects (3ms)
			BackupInstance (0ms)
			ReleaseScriptingObjects (0ms)
			CreateAndSetChildDomain (17ms)
		EndReloadAssembly (706ms)
			LoadAssemblies (82ms)
			RebuildTransferFunctionScriptingTraits (0ms)
			SetupTypeCache (243ms)
			ReleaseScriptCaches (0ms)
			RebuildScriptCaches (39ms)
			SetupLoadedEditorAssemblies (271ms)
				LogAssemblyErrors (0ms)
				InitializePlatformSupportModulesInManaged (3ms)
				SetLoadedEditorAssemblies (0ms)
				RefreshPlugins (42ms)
				BeforeProcessingInitializeOnLoad (64ms)
				ProcessInitializeOnLoadAttributes (145ms)
				ProcessInitializeOnLoadMethodAttributes (14ms)
				AfterProcessingInitializeOnLoad (3ms)
				EditorAssembliesLoaded (0ms)
			ExecutionOrderSort2 (0ms)
			AwakeInstancesAfterBackupRestoration (2ms)
Platform modules already initialized, skipping
========================================================================
Worker process is ready to serve import requests
Launched and connected shader compiler UnityShaderCompiler.exe after 0.03 seconds
Refreshing native plugins compatible for Editor in 0.60 ms, found 3 plugins.
Preloading 0 native plugins for Editor in 0.00 ms.
Unloading 2635 Unused Serialized files (Serialized files now loaded: 0)
System memory in use before: 110.6 MB.
System memory in use after: 110.8 MB.

Unloading 33 unused Assets to reduce memory usage. Loaded Objects now: 3073.
Total: 2.750100 ms (FindLiveObjects: 0.216800 ms CreateObjectMapping: 0.098300 ms MarkObjects: 2.369300 ms  DeleteObjects: 0.064800 ms)

AssetImportParameters requested are different than current active one (requested -> active):
  custom:framework-win-MediaFoundation: 216162199b28c13a410421893ffa2e32 -> 
  custom:video-decoder-ogg-theora: a1e56fd34408186e4bbccfd4996cb3dc -> 
  custom:container-muxer-webm: aa71ff27fc2769a1b78a27578f13a17b -> 
  custom:container-demuxer-webm: 4f35f7cbe854078d1ac9338744f61a02 -> 
  custom:container-demuxer-ogg: 62fdf1f143b41e24485cea50d1cbac27 -> 
  custom:video-encoder-webm-vp8: eb34c28f22e8b96e1ab97ce403110664 -> 
  custom:video-decoder-webm-vp8: 9c59270c3fd7afecdb556c50c9e8de78 -> 
  custom:audio-decoder-ogg-vorbis: bf7c407c2cedff20999df2af8eb42d56 -> 
  custom:audio-encoder-webm-vorbis: bf7c407c2cedff20999df2af8eb42d56 -> 
========================================================================
Received Import Request.
  path: Assets/ARCANOID/Scenes/LevelSelection.unity
  artifactKey: Guid(a630b4212f9ed42fdac1c00da09518de) Importer(815301076,1909f56bfc062723c751e8b465ee728b)
Start importing Assets/ARCANOID/Scenes/LevelSelection.unity using Guid(a630b4212f9ed42fdac1c00da09518de) Importer(815301076,1909f56bfc062723c751e8b465ee728b)  -> (artifact id: '4b973218a2f2193e01891b5c88be35f9') in 0.013002 seconds 
========================================================================
Received Import Request.
  Time since last request: 56.333942 seconds.
  path: Assets/ARCANOID/Media/Sprites/Game/Bonuses/BallAcceleration.png
  artifactKey: Guid(c2d7ed163408d4563bba8c03ee87db71) Importer(815301076,1909f56bfc062723c751e8b465ee728b)
Start importing Assets/ARCANOID/Media/Sprites/Game/Bonuses/BallAcceleration.png using Guid(c2d7ed163408d4563bba8c03ee87db71) Importer(815301076,1909f56bfc062723c751e8b465ee728b)  -> (artifact id: '503a3330296bd4253b5036eca52f61e8') in 0.102271 seconds 
========================================================================
Received Import Request.
  Time since last request: 0.000150 seconds.
  path: Assets/ARCANOID/Media/Sprites/Game/Blocks/BlackstoneBricks.png
  artifactKey: Guid(c8cc6894e36ed184484d1186c151bb94) Importer(815301076,1909f56bfc062723c751e8b465ee728b)
Start importing Assets/ARCANOID/Media/Sprites/Game/Blocks/BlackstoneBricks.png using Guid(c8cc6894e36ed184484d1186c151bb94) Importer(815301076,1909f56bfc062723c751e8b465ee728b)  -> (artifact id: '6cd53313a66b2030d7a39150f0a4c521') in 0.020195 seconds 
========================================================================
Received Import Request.
  Time since last request: 0.000182 seconds.
  path: Assets/ARCANOID/Media/Sprites/Game/Bonuses/BallDeceleration.png
  artifactKey: Guid(5a386aa9e72a84df48dcc50ddf3ec485) Importer(815301076,1909f56bfc062723c751e8b465ee728b)
Start importing Assets/ARCANOID/Media/Sprites/Game/Bonuses/BallDeceleration.png using Guid(5a386aa9e72a84df48dcc50ddf3ec485) Importer(815301076,1909f56bfc062723c751e8b465ee728b)  -> (artifact id: '114762ddd4d329d0c04579bb0ff2ff8b') in 0.016884 seconds 
========================================================================
Received Import Request.
  Time since last request: 0.000281 seconds.
  path: Assets/ARCANOID/Media/Sprites/Game/Blocks/CyanWool.png
  artifactKey: Guid(b547e7a913e9e3048bb017d018796adf) Importer(815301076,1909f56bfc062723c751e8b465ee728b)
Start importing Assets/ARCANOID/Media/Sprites/Game/Blocks/CyanWool.png using Guid(b547e7a913e9e3048bb017d018796adf) Importer(815301076,1909f56bfc062723c751e8b465ee728b)  -> (artifact id: 'c0da052a844fafc4133961a3aa005b27') in 0.017111 seconds 
========================================================================
Received Import Request.
  Time since last request: 0.000204 seconds.
  path: Assets/ARCANOID/Media/Sprites/Game/Blocks/Cracks/cracks2.png
  artifactKey: Guid(d6a29f8a118a346b8814b899b13e501a) Importer(815301076,1909f56bfc062723c751e8b465ee728b)
Start importing Assets/ARCANOID/Media/Sprites/Game/Blocks/Cracks/cracks2.png using Guid(d6a29f8a118a346b8814b899b13e501a) Importer(815301076,1909f56bfc062723c751e8b465ee728b)  -> (artifact id: '6b2621b31baf66ec0a64109c8af0ec5f') in 0.017329 seconds 
========================================================================
Received Import Request.
  Time since last request: 0.000229 seconds.
  path: Assets/ARCANOID/Media/Sprites/Game/Blocks/ColorTNT.png
  artifactKey: Guid(4d3441507e3e946f3962c9beab585d90) Importer(815301076,1909f56bfc062723c751e8b465ee728b)
Start importing Assets/ARCANOID/Media/Sprites/Game/Blocks/ColorTNT.png using Guid(4d3441507e3e946f3962c9beab585d90) Importer(815301076,1909f56bfc062723c751e8b465ee728b)  -> (artifact id: '78535f3d1a22eddb9b5457115f536085') in 0.017865 seconds 
========================================================================
Received Import Request.
  Time since last request: 0.000146 seconds.
  path: Assets/ARCANOID/Media/Sprites/Game/Blocks/Cracks/cracks1.png
  artifactKey: Guid(e0a2990efa8614c9d9aca3fadfd1f9b4) Importer(815301076,1909f56bfc062723c751e8b465ee728b)
Start importing Assets/ARCANOID/Media/Sprites/Game/Blocks/Cracks/cracks1.png using Guid(e0a2990efa8614c9d9aca3fadfd1f9b4) Importer(815301076,1909f56bfc062723c751e8b465ee728b)  -> (artifact id: '917d0a44cd41ccbde628bd2ad4114624') in 0.017348 seconds 
========================================================================
Received Import Request.
  Time since last request: 0.000197 seconds.
  path: Assets/ARCANOID/Media/Sprites/Game/Bonuses/BlackLabel.png
  artifactKey: Guid(6e341fc091fd544ef92bdea11eca9769) Importer(815301076,1909f56bfc062723c751e8b465ee728b)
Start importing Assets/ARCANOID/Media/Sprites/Game/Bonuses/BlackLabel.png using Guid(6e341fc091fd544ef92bdea11eca9769) Importer(815301076,1909f56bfc062723c751e8b465ee728b)  -> (artifact id: 'de928011b811fd922713bc1393d64834') in 0.018135 seconds 
========================================================================
Received Import Request.
  Time since last request: 0.000153 seconds.
  path: Assets/ARCANOID/Media/Sprites/Game/Blocks/Bedrock.png
  artifactKey: Guid(3ff081a6196bb4c8d81b553851644cba) Importer(815301076,1909f56bfc062723c751e8b465ee728b)
Start importing Assets/ARCANOID/Media/Sprites/Game/Blocks/Bedrock.png using Guid(3ff081a6196bb4c8d81b553851644cba) Importer(815301076,1909f56bfc062723c751e8b465ee728b)  -> (artifact id: '587e1beb2315f3d3200cd5cd9a809ef5') in 0.015808 seconds 
========================================================================
Received Import Request.
  Time since last request: 0.000153 seconds.
  path: Assets/ARCANOID/Media/Sprites/Game/Blocks/BlueWool.png
  artifactKey: Guid(91896bccd74246346bff6d48839f6418) Importer(815301076,1909f56bfc062723c751e8b465ee728b)
Start importing Assets/ARCANOID/Media/Sprites/Game/Blocks/BlueWool.png using Guid(91896bccd74246346bff6d48839f6418) Importer(815301076,1909f56bfc062723c751e8b465ee728b)  -> (artifact id: 'fb43255f8baedc6d7889f5d67d9a84e6') in 0.017195 seconds 
========================================================================
Received Import Request.
  Time since last request: 0.000232 seconds.
  path: Assets/ARCANOID/Media/Sprites/Game/Blocks/CoarseDirt.png
  artifactKey: Guid(8eb3150d3830afc4f98919c97cf9a952) Importer(815301076,1909f56bfc062723c751e8b465ee728b)
Start importing Assets/ARCANOID/Media/Sprites/Game/Blocks/CoarseDirt.png using Guid(8eb3150d3830afc4f98919c97cf9a952) Importer(815301076,1909f56bfc062723c751e8b465ee728b)  -> (artifact id: 'f4c13298cef7411c75efa7ce209fbd23') in 0.015203 seconds 
========================================================================
Received Import Request.
  Time since last request: 0.000168 seconds.
  path: Assets/ARCANOID/Media/Sprites/Packs/Creeper.png
  artifactKey: Guid(aa16328ca1a1f465db44645d403e9f14) Importer(815301076,1909f56bfc062723c751e8b465ee728b)
Start importing Assets/ARCANOID/Media/Sprites/Packs/Creeper.png using Guid(aa16328ca1a1f465db44645d403e9f14) Importer(815301076,1909f56bfc062723c751e8b465ee728b)  -> (artifact id: '328c6c418f0783d30ebbf996f0138460') in 0.024045 seconds 
========================================================================
Received Import Request.
  Time since last request: 0.000166 seconds.
  path: Assets/ARCANOID/Media/Sprites/Game/Blocks/BrownWool.png
  artifactKey: Guid(a6f08fbe2b51a814ead5554cbcd15d2d) Importer(815301076,1909f56bfc062723c751e8b465ee728b)
Start importing Assets/ARCANOID/Media/Sprites/Game/Blocks/BrownWool.png using Guid(a6f08fbe2b51a814ead5554cbcd15d2d) Importer(815301076,1909f56bfc062723c751e8b465ee728b)  -> (artifact id: 'eb09d934b61db60742da93e711c09394') in 0.016280 seconds 
========================================================================
Received Import Request.
  Time since last request: 0.000162 seconds.
  path: Assets/ARCANOID/Media/Sprites/Game/Blocks/CryingObsidian.png
  artifactKey: Guid(f1f35db51b52a40119d0a1546919c101) Importer(815301076,1909f56bfc062723c751e8b465ee728b)
Start importing Assets/ARCANOID/Media/Sprites/Game/Blocks/CryingObsidian.png using Guid(f1f35db51b52a40119d0a1546919c101) Importer(815301076,1909f56bfc062723c751e8b465ee728b)  -> (artifact id: 'f723cd64fb59d1cbfb2f3f78e64bbb71') in 0.016536 seconds 
========================================================================
Received Import Request.
  Time since last request: 0.000142 seconds.
  path: Assets/ARCANOID/Media/Sprites/Game/Blocks/BlackWool.png
  artifactKey: Guid(8e5b7f8fca57e894daedd56822568b12) Importer(815301076,1909f56bfc062723c751e8b465ee728b)
Start importing Assets/ARCANOID/Media/Sprites/Game/Blocks/BlackWool.png using Guid(8e5b7f8fca57e894daedd56822568b12) Importer(815301076,1909f56bfc062723c751e8b465ee728b)  -> (artifact id: 'e8f9d71582271e2fd1df36d159af2b51') in 0.016452 seconds 
========================================================================
Received Import Request.
  Time since last request: 2.973349 seconds.
  path: Assets/ARCANOID/Media/Sprites/Game/Blocks/DarkWood.png
  artifactKey: Guid(3897fd1bba3943f42bc8183baedf44f6) Importer(815301076,1909f56bfc062723c751e8b465ee728b)
Start importing Assets/ARCANOID/Media/Sprites/Game/Blocks/DarkWood.png using Guid(3897fd1bba3943f42bc8183baedf44f6) Importer(815301076,1909f56bfc062723c751e8b465ee728b)  -> (artifact id: 'c24a26f9cb58d15377a2ffdd9146e293') in 0.025080 seconds 
========================================================================
Received Import Request.
  Time since last request: 232.156319 seconds.
  path: Assets/ARCANOID/Scripts/Scenes/LevelsMap/UI/PacksContainer/UIPacksContainer.cs
  artifactKey: Guid(4bda8d6ea92b49d1bafe739f094b105c) Importer(815301076,1909f56bfc062723c751e8b465ee728b)
Start importing Assets/ARCANOID/Scripts/Scenes/LevelsMap/UI/PacksContainer/UIPacksContainer.cs using Guid(4bda8d6ea92b49d1bafe739f094b105c) Importer(815301076,1909f56bfc062723c751e8b465ee728b)  -> (artifact id: 'bac2ab8356281bde89d943992ed7efbe') in 0.015390 seconds 
========================================================================
Received Prepare
Refreshing native plugins compatible for Editor in 4.26 ms, found 3 plugins.
Preloading 0 native plugins for Editor in 0.00 ms.
Unloading 19 Unused Serialized files (Serialized files now loaded: 0)
System memory in use before: 60.2 MB.
System memory in use after: 60.4 MB.

Unloading 20 unused Assets to reduce memory usage. Loaded Objects now: 3080.
Total: 3.206700 ms (FindLiveObjects: 0.209800 ms CreateObjectMapping: 0.068400 ms MarkObjects: 2.913500 ms  DeleteObjects: 0.014400 ms)

AssetImportParameters requested are different than current active one (requested -> active):
  custom:framework-win-MediaFoundation: 216162199b28c13a410421893ffa2e32 -> 
  custom:video-decoder-ogg-theora: a1e56fd34408186e4bbccfd4996cb3dc -> 
  custom:container-muxer-webm: aa71ff27fc2769a1b78a27578f13a17b -> 
  custom:container-demuxer-webm: 4f35f7cbe854078d1ac9338744f61a02 -> 
  custom:container-demuxer-ogg: 62fdf1f143b41e24485cea50d1cbac27 -> 
  custom:video-encoder-webm-vp8: eb34c28f22e8b96e1ab97ce403110664 -> 
  custom:video-decoder-webm-vp8: 9c59270c3fd7afecdb556c50c9e8de78 -> 
  custom:audio-decoder-ogg-vorbis: bf7c407c2cedff20999df2af8eb42d56 -> 
  custom:audio-encoder-webm-vorbis: bf7c407c2cedff20999df2af8eb42d56 -> 
========================================================================
Received Import Request.
  Time since last request: 51.072108 seconds.
  path: Assets/ARCANOID/Scripts/Scenes/InitScene
  artifactKey: Guid(202be3ac3d6b43a195d296e59384976c) Importer(815301076,1909f56bfc062723c751e8b465ee728b)
Start importing Assets/ARCANOID/Scripts/Scenes/InitScene using Guid(202be3ac3d6b43a195d296e59384976c) Importer(815301076,1909f56bfc062723c751e8b465ee728b)  -> (artifact id: '811d7f011035cd05a6032f6c3aefefa4') in 0.013814 seconds 
========================================================================
Received Import Request.
  Time since last request: 315.374871 seconds.
  path: Assets/ARCANOID/Prefabs/GameObjects/Balls/Ball.prefab
  artifactKey: Guid(4d75b75c89a954d39856edc9bd310abb) Importer(815301076,1909f56bfc062723c751e8b465ee728b)
Start importing Assets/ARCANOID/Prefabs/GameObjects/Balls/Ball.prefab using Guid(4d75b75c89a954d39856edc9bd310abb) Importer(815301076,1909f56bfc062723c751e8b465ee728b)  -> (artifact id: '1dcdef33798d59bfaee75f432d001e13') in 0.046898 seconds 
========================================================================
Received Prepare
Registering precompiled user dll's ...
Registered in 0.003393 seconds.
Begin MonoManager ReloadAssembly
Symbol file LoadedFromMemory is not a mono symbol file
Native extension for WindowsStandalone target not found
Refreshing native plugins compatible for Editor in 0.59 ms, found 3 plugins.
Preloading 0 native plugins for Editor in 0.00 ms.
Mono: successfully reloaded assembly
- Completed reload, in  0.827 seconds
Domain Reload Profiling:
	ReloadAssembly (828ms)
		BeginReloadAssembly (157ms)
			ExecutionOrderSort (0ms)
			DisableScriptedObjects (11ms)
			BackupInstance (0ms)
			ReleaseScriptingObjects (0ms)
			CreateAndSetChildDomain (63ms)
		EndReloadAssembly (628ms)
			LoadAssemblies (87ms)
			RebuildTransferFunctionScriptingTraits (0ms)
			SetupTypeCache (227ms)
			ReleaseScriptCaches (1ms)
			RebuildScriptCaches (30ms)
			SetupLoadedEditorAssemblies (229ms)
				LogAssemblyErrors (0ms)
				InitializePlatformSupportModulesInManaged (4ms)
				SetLoadedEditorAssemblies (1ms)
				RefreshPlugins (1ms)
				BeforeProcessingInitializeOnLoad (70ms)
				ProcessInitializeOnLoadAttributes (141ms)
				ProcessInitializeOnLoadMethodAttributes (9ms)
				AfterProcessingInitializeOnLoad (3ms)
				EditorAssembliesLoaded (0ms)
			ExecutionOrderSort2 (0ms)
			AwakeInstancesAfterBackupRestoration (4ms)
Platform modules already initialized, skipping
Switching build target platform(19) subTarget(0) extendedPlatform(0) -> platform(13) subTarget(537395200) extendedPlatform(0)
Refreshing native plugins compatible for Editor in 0.60 ms, found 3 plugins.
Preloading 0 native plugins for Editor in 0.00 ms.
Unloading 2613 Unused Serialized files (Serialized files now loaded: 0)
System memory in use before: 111.3 MB.
System memory in use after: 111.6 MB.

Unloading 23 unused Assets to reduce memory usage. Loaded Objects now: 3086.
Total: 2.707100 ms (FindLiveObjects: 0.175900 ms CreateObjectMapping: 0.072200 ms MarkObjects: 2.437700 ms  DeleteObjects: 0.020500 ms)

AssetImportParameters requested are different than current active one (requested -> active):
  custom:framework-win-MediaFoundation: 216162199b28c13a410421893ffa2e32 -> 
  custom:video-decoder-ogg-theora: a1e56fd34408186e4bbccfd4996cb3dc -> 
  custom:container-muxer-webm: aa71ff27fc2769a1b78a27578f13a17b -> 
  custom:container-demuxer-webm: 4f35f7cbe854078d1ac9338744f61a02 -> 
  custom:container-demuxer-ogg: 62fdf1f143b41e24485cea50d1cbac27 -> 
  custom:video-encoder-webm-vp8: eb34c28f22e8b96e1ab97ce403110664 -> 
  custom:video-decoder-webm-vp8: 9c59270c3fd7afecdb556c50c9e8de78 -> 
  custom:graphics/normal-map-encoding: 01000000000000000000000000000000 -> 02000000000000000000000000000000
  custom:audio-decoder-ogg-vorbis: bf7c407c2cedff20999df2af8eb42d56 -> 
  custom:audio-encoder-webm-vorbis: bf7c407c2cedff20999df2af8eb42d56 -> 
========================================================================
Received Import Request.
  Time since last request: 1813.055604 seconds.
  path: Assets/ARCANOID/GameConfiguration/GameplayConfigs/GameEntitiesConfig/Ball/BallPhysicsSettings.asset
  artifactKey: Guid(0a0ec3914d3f741c4993ddbdaa2cdc8b) Importer(815301076,1909f56bfc062723c751e8b465ee728b)
Start importing Assets/ARCANOID/GameConfiguration/GameplayConfigs/GameEntitiesConfig/Ball/BallPhysicsSettings.asset using Guid(0a0ec3914d3f741c4993ddbdaa2cdc8b) Importer(815301076,1909f56bfc062723c751e8b465ee728b)  -> (artifact id: '26b4d29804d843ab6c3b6a891e04330c') in 0.049437 seconds 
